<?xml version="1.0" encoding="UTF-8"?>
<!-- Generated by org.testng.reporters.JUnitReportReporter -->
<testsuite hostname="Z51" failures="0" tests="2" name="tests.LoginTest" time="32.935" errors="0" timestamp="2021-10-05T10:50:57 IST" skipped="0">
  <testcase classname="tests.LoginTest" name="login" time="17.704"/>
  <system-out/>
  <testcase classname="tests.LoginTest" name="login" time="15.231"/>
  <system-out/>
</testsuite> <!-- tests.LoginTest -->
