<?xml version="1.0" encoding="UTF-8"?>
<!-- Generated by org.testng.reporters.JUnitReportReporter -->
<testsuite hostname="Z51" failures="0" tests="1" name="Runner.Runner" time="2.807" errors="1" timestamp="2021-10-12T13:19:54 IST" skipped="0">
  <testcase classname="Runner.Runner" name="runScenario" time="2.807">
    <error message="Cannot invoke &quot;com.aventstack.extentreports.ExtentTest.info(String)&quot; because &quot;this.extentTest&quot; is null" type="java.lang.NullPointerException">
      <![CDATA[java.lang.NullPointerException: Cannot invoke "com.aventstack.extentreports.ExtentTest.info(String)" because "this.extentTest" is null
at resources.BaseClass.initializeDriver(BaseClass.java:70)
at stepdefinitions.login.openBrowser(login.java:35)
]]>
    </error>
  </testcase> <!-- runScenario -->
  <system-out/>
</testsuite> <!-- Runner.Runner -->
