<?xml version="1.0" encoding="UTF-8"?>
<!-- Generated by org.testng.reporters.JUnitReportReporter -->
<testsuite hostname="Z51" failures="0" tests="1" name="tests.LoginTest" time="12.527" errors="0" timestamp="2021-10-08T17:04:24 IST" skipped="0">
  <testcase classname="tests.LoginTest" name="login" time="12.527"/>
  <system-out/>
</testsuite> <!-- tests.LoginTest -->
