<?xml version="1.0" encoding="UTF-8"?>
<!-- Generated by org.testng.reporters.JUnitReportReporter -->
<testsuite hostname="Z51" failures="0" tests="1" name="tests.ThreeTest" time="0.001" errors="0" timestamp="2021-10-05T10:50:57 IST" skipped="0">
  <testcase classname="tests.ThreeTest" name="Threetest" time="0.001"/>
  <system-out/>
</testsuite> <!-- tests.ThreeTest -->
