<?xml version="1.0" encoding="UTF-8"?>
<!-- Generated by org.testng.reporters.JUnitReportReporter -->
<testsuite hostname="DESKTOP-PSK9T3U" failures="0" tests="1" name="Runner.TestApplication" time="117.949" errors="0" timestamp="2023-03-24T16:26:57 IST" skipped="0">
  <testcase classname="Runner.TestApplication" name="runScenario" time="117.949"/>
  <system-out/>
</testsuite> <!-- Runner.TestApplication -->
