<?xml version="1.0" encoding="UTF-8"?>
<!-- Generated by org.testng.reporters.JUnitReportReporter -->
<testsuite hostname="DESKTOP-PSK9T3U" failures="0" tests="1" name="Runner.NewExcelTestRunner" time="3043.862" errors="0" timestamp="2023-04-11T15:48:17 IST" skipped="0">
  <testcase classname="Runner.NewExcelTestRunner" name="test" time="3043.862"/>
  <system-out/>
</testsuite> <!-- Runner.NewExcelTestRunner -->
