<?xml version="1.0" encoding="UTF-8"?>
<!-- Generated by org.testng.reporters.JUnitReportReporter -->
<testsuite hostname="DESKTOP-PSK9T3U" failures="0" tests="1" name="Runner.NewExcelTestRunner" time="4693.581" errors="0" timestamp="2023-05-26T11:11:55 IST" skipped="0">
  <testcase classname="Runner.NewExcelTestRunner" name="test" time="4693.581"/>
  <system-out/>
</testsuite> <!-- Runner.NewExcelTestRunner -->
