<?xml version="1.0" encoding="UTF-8"?>
<!-- Generated by org.testng.reporters.JUnitReportReporter -->
<testsuite hostname="DESKTOP-PSK9T3U" failures="0" tests="1" name="Runner.TestApplication" time="7.879" errors="1" timestamp="2023-04-11T11:17:46 IST" skipped="0">
  <testcase classname="Runner.TestApplication" name="runScenario" time="7.879">
    <error message="Cannot invoke &quot;String.equalsIgnoreCase(String)&quot; because the return value of &quot;java.util.Map.get(Object)&quot; is null" type="java.lang.NullPointerException">
      <![CDATA[java.lang.NullPointerException: Cannot invoke "String.equalsIgnoreCase(String)" because the return value of "java.util.Map.get(Object)" is null
at stepdefinitions.HooksClass.browserSetup(HooksClass.java:40)
]]>
    </error>
  </testcase> <!-- runScenario -->
  <system-out/>
</testsuite> <!-- Runner.TestApplication -->
