<?xml version="1.0" encoding="UTF-8"?>
<!-- Generated by org.testng.reporters.JUnitReportReporter -->
<testsuite hostname="DESKTOP-PSK9T3U" failures="15" tests="49" name="Runner.TestApplication" time="1941.945" errors="1" timestamp="2023-05-24T17:17:24 IST" skipped="0">
  <testcase classname="Runner.TestApplication" name="runScenario" time="32.721"/>
  <system-out/>
  <testcase classname="Runner.TestApplication" name="runScenario" time="29.300"/>
  <system-out/>
  <testcase classname="Runner.TestApplication" name="runScenario" time="28.228"/>
  <system-out/>
  <testcase classname="Runner.TestApplication" name="runScenario" time="34.302">
    <failure message="no such element: Unable to locate element: {&quot;method&quot;:&quot;xpath&quot;,&quot;selector&quot;:&quot;//ng-dropdown-panel//span[text()=&#039;ITEM1442091041&#039;]&quot;}
  (Session info: chrome=113.0.5672.127)
For documentation on this error, please visit: https://selenium.dev/exceptions/#no_such_element
Build info: version: &#039;4.0.0-rc-1&#039;, revision: &#039;bc5511cbda&#039;
System info: host: &#039;DESKTOP-PSK9T3U&#039;, ip: &#039;10.200.4.125&#039;, os.name: &#039;Windows 10&#039;, os.arch: &#039;amd64&#039;, os.version: &#039;10.0&#039;, java.version: &#039;19.0.1&#039;
Driver info: org.openqa.selenium.chrome.ChromeDriver
Command: [1c82c2bd455cd361dd6c7c2af199e3e3, findElement {using=xpath, value=//ng-dropdown-panel//span[text()=&#039;ITEM1442091041&#039;]}]
Capabilities {acceptInsecureCerts: false, browserName: chrome, browserVersion: 113.0.5672.127, chrome: {chromedriverVersion: 113.0.5672.63 (0e1a4471d5ae..., userDataDir: C:\Users\ININDC~1\AppData\L...}, goog:chromeOptions: {debuggerAddress: localhost:64300}, javascriptEnabled: true, networkConnectionEnabled: false, pageLoadStrategy: normal, platform: WINDOWS, platformName: WINDOWS, proxy: Proxy(), se:cdp: ws://localhost:64300/devtoo..., se:cdpVersion: 113.0.5672.127, setWindowRect: true, strictFileInteractability: false, timeouts: {implicit: 0, pageLoad: 300000, script: 30000}, unhandledPromptBehavior: dismiss and notify, webauthn:extension:credBlob: true, webauthn:extension:largeBlob: true, webauthn:extension:minPinLength: true, webauthn:extension:prf: true, webauthn:virtualAuthenticators: true}
Session ID: 1c82c2bd455cd361dd6c7c2af199e3e3" type="java.lang.AssertionError">
      <![CDATA[java.lang.AssertionError: no such element: Unable to locate element: {"method":"xpath","selector":"//ng-dropdown-panel//span[text()='ITEM1442091041']"}
  (Session info: chrome=113.0.5672.127)
For documentation on this error, please visit: https://selenium.dev/exceptions/#no_such_element
Build info: version: '4.0.0-rc-1', revision: 'bc5511cbda'
System info: host: 'DESKTOP-PSK9T3U', ip: '10.200.4.125', os.name: 'Windows 10', os.arch: 'amd64', os.version: '10.0', java.version: '19.0.1'
Driver info: org.openqa.selenium.chrome.ChromeDriver
Command: [1c82c2bd455cd361dd6c7c2af199e3e3, findElement {using=xpath, value=//ng-dropdown-panel//span[text()='ITEM1442091041']}]
Capabilities {acceptInsecureCerts: false, browserName: chrome, browserVersion: 113.0.5672.127, chrome: {chromedriverVersion: 113.0.5672.63 (0e1a4471d5ae..., userDataDir: C:\Users\ININDC~1\AppData\L...}, goog:chromeOptions: {debuggerAddress: localhost:64300}, javascriptEnabled: true, networkConnectionEnabled: false, pageLoadStrategy: normal, platform: WINDOWS, platformName: WINDOWS, proxy: Proxy(), se:cdp: ws://localhost:64300/devtoo..., se:cdpVersion: 113.0.5672.127, setWindowRect: true, strictFileInteractability: false, timeouts: {implicit: 0, pageLoad: 300000, script: 30000}, unhandledPromptBehavior: dismiss and notify, webauthn:extension:credBlob: true, webauthn:extension:largeBlob: true, webauthn:extension:minPinLength: true, webauthn:extension:prf: true, webauthn:virtualAuthenticators: true}
Session ID: 1c82c2bd455cd361dd6c7c2af199e3e3
at org.junit.Assert.fail(Assert.java:88)
at stepdefinitions.FIXEDASSET_AssetAmendment.enter_the_asset_item_number_in_asset_ammendment(FIXEDASSET_AssetAmendment.java:170)
at ✽.enter the asset item number in asset ammendment(file:///C:/Users/ININDC00076/git/AnandhKUBSExcel/AzentioAutomationFramework_UBSExcel/src/test/java/features/FixedAsset_AssetAmmendmentFEATURE.feature:514)
]]>
    </failure>
  </testcase> <!-- runScenario -->
  <system-out/>
  <testcase classname="Runner.TestApplication" name="runScenario" time="32.169"/>
  <system-out/>
  <testcase classname="Runner.TestApplication" name="runScenario" time="55.130"/>
  <system-out/>
  <testcase classname="Runner.TestApplication" name="runScenario" time="55.773">
    <failure message="no such element: Unable to locate element: {&quot;method&quot;:&quot;xpath&quot;,&quot;selector&quot;:&quot;//span[text()=&#039;4037&#039;]//ancestor::datatable-body-cell//preceding-sibling::datatable-body-cell[1]//ion-button&quot;}
  (Session info: chrome=113.0.5672.127)
For documentation on this error, please visit: https://selenium.dev/exceptions/#no_such_element
Build info: version: &#039;4.0.0-rc-1&#039;, revision: &#039;bc5511cbda&#039;
System info: host: &#039;DESKTOP-PSK9T3U&#039;, ip: &#039;10.200.4.125&#039;, os.name: &#039;Windows 10&#039;, os.arch: &#039;amd64&#039;, os.version: &#039;10.0&#039;, java.version: &#039;19.0.1&#039;
Driver info: org.openqa.selenium.chrome.ChromeDriver
Command: [500f7b21e1ef2f30d3c962ef3a5635eb, findElement {using=xpath, value=//span[text()=&#039;4037&#039;]//ancestor::datatable-body-cell//preceding-sibling::datatable-body-cell[1]//ion-button}]
Capabilities {acceptInsecureCerts: false, browserName: chrome, browserVersion: 113.0.5672.127, chrome: {chromedriverVersion: 113.0.5672.63 (0e1a4471d5ae..., userDataDir: C:\Users\ININDC~1\AppData\L...}, goog:chromeOptions: {debuggerAddress: localhost:64850}, javascriptEnabled: true, networkConnectionEnabled: false, pageLoadStrategy: normal, platform: WINDOWS, platformName: WINDOWS, proxy: Proxy(), se:cdp: ws://localhost:64850/devtoo..., se:cdpVersion: 113.0.5672.127, setWindowRect: true, strictFileInteractability: false, timeouts: {implicit: 0, pageLoad: 300000, script: 30000}, unhandledPromptBehavior: dismiss and notify, webauthn:extension:credBlob: true, webauthn:extension:largeBlob: true, webauthn:extension:minPinLength: true, webauthn:extension:prf: true, webauthn:virtualAuthenticators: true}
Session ID: 500f7b21e1ef2f30d3c962ef3a5635eb" type="java.lang.AssertionError">
      <![CDATA[java.lang.AssertionError: no such element: Unable to locate element: {"method":"xpath","selector":"//span[text()='4037']//ancestor::datatable-body-cell//preceding-sibling::datatable-body-cell[1]//ion-button"}
  (Session info: chrome=113.0.5672.127)
For documentation on this error, please visit: https://selenium.dev/exceptions/#no_such_element
Build info: version: '4.0.0-rc-1', revision: 'bc5511cbda'
System info: host: 'DESKTOP-PSK9T3U', ip: '10.200.4.125', os.name: 'Windows 10', os.arch: 'amd64', os.version: '10.0', java.version: '19.0.1'
Driver info: org.openqa.selenium.chrome.ChromeDriver
Command: [500f7b21e1ef2f30d3c962ef3a5635eb, findElement {using=xpath, value=//span[text()='4037']//ancestor::datatable-body-cell//preceding-sibling::datatable-body-cell[1]//ion-button}]
Capabilities {acceptInsecureCerts: false, browserName: chrome, browserVersion: 113.0.5672.127, chrome: {chromedriverVersion: 113.0.5672.63 (0e1a4471d5ae..., userDataDir: C:\Users\ININDC~1\AppData\L...}, goog:chromeOptions: {debuggerAddress: localhost:64850}, javascriptEnabled: true, networkConnectionEnabled: false, pageLoadStrategy: normal, platform: WINDOWS, platformName: WINDOWS, proxy: Proxy(), se:cdp: ws://localhost:64850/devtoo..., se:cdpVersion: 113.0.5672.127, setWindowRect: true, strictFileInteractability: false, timeouts: {implicit: 0, pageLoad: 300000, script: 30000}, unhandledPromptBehavior: dismiss and notify, webauthn:extension:credBlob: true, webauthn:extension:largeBlob: true, webauthn:extension:minPinLength: true, webauthn:extension:prf: true, webauthn:virtualAuthenticators: true}
Session ID: 500f7b21e1ef2f30d3c962ef3a5635eb
at org.testng.Assert.fail(Assert.java:99)
at stepdefinitions.KUBS_ReviewerUserSteps.select_the_record_in_notification(KUBS_ReviewerUserSteps.java:1520)
at ✽.select the record in notification(file:///C:/Users/ININDC00076/git/AnandhKUBSExcel/AzentioAutomationFramework_UBSExcel/src/test/java/features/FixedAsset_AssetAmmendmentFEATURE.feature:688)
]]>
    </failure>
  </testcase> <!-- runScenario -->
  <system-out/>
  <testcase classname="Runner.TestApplication" name="runScenario" time="37.383"/>
  <system-out/>
  <testcase classname="Runner.TestApplication" name="runScenario" time="45.372"/>
  <system-out/>
  <testcase classname="Runner.TestApplication" name="runScenario" time="49.721"/>
  <system-out/>
  <testcase classname="Runner.TestApplication" name="runScenario" time="31.360"/>
  <system-out/>
  <testcase classname="Runner.TestApplication" name="runScenario" time="33.020">
    <failure message="no such element: Unable to locate element: {&quot;method&quot;:&quot;xpath&quot;,&quot;selector&quot;:&quot;//span[text()=&#039;4039&#039;]//ancestor::datatable-body-cell//preceding-sibling::datatable-body-cell[2]//ion-button&quot;}
  (Session info: chrome=113.0.5672.127)
For documentation on this error, please visit: https://selenium.dev/exceptions/#no_such_element
Build info: version: &#039;4.0.0-rc-1&#039;, revision: &#039;bc5511cbda&#039;
System info: host: &#039;DESKTOP-PSK9T3U&#039;, ip: &#039;10.200.4.125&#039;, os.name: &#039;Windows 10&#039;, os.arch: &#039;amd64&#039;, os.version: &#039;10.0&#039;, java.version: &#039;19.0.1&#039;
Driver info: org.openqa.selenium.chrome.ChromeDriver
Command: [426857bce5d377373d8ed357fe676b8f, findElement {using=xpath, value=//span[text()=&#039;4039&#039;]//ancestor::datatable-body-cell//preceding-sibling::datatable-body-cell[2]//ion-button}]
Capabilities {acceptInsecureCerts: false, browserName: chrome, browserVersion: 113.0.5672.127, chrome: {chromedriverVersion: 113.0.5672.63 (0e1a4471d5ae..., userDataDir: C:\Users\ININDC~1\AppData\L...}, goog:chromeOptions: {debuggerAddress: localhost:65473}, javascriptEnabled: true, networkConnectionEnabled: false, pageLoadStrategy: normal, platform: WINDOWS, platformName: WINDOWS, proxy: Proxy(), se:cdp: ws://localhost:65473/devtoo..., se:cdpVersion: 113.0.5672.127, setWindowRect: true, strictFileInteractability: false, timeouts: {implicit: 0, pageLoad: 300000, script: 30000}, unhandledPromptBehavior: dismiss and notify, webauthn:extension:credBlob: true, webauthn:extension:largeBlob: true, webauthn:extension:minPinLength: true, webauthn:extension:prf: true, webauthn:virtualAuthenticators: true}
Session ID: 426857bce5d377373d8ed357fe676b8f" type="java.lang.AssertionError">
      <![CDATA[java.lang.AssertionError: no such element: Unable to locate element: {"method":"xpath","selector":"//span[text()='4039']//ancestor::datatable-body-cell//preceding-sibling::datatable-body-cell[2]//ion-button"}
  (Session info: chrome=113.0.5672.127)
For documentation on this error, please visit: https://selenium.dev/exceptions/#no_such_element
Build info: version: '4.0.0-rc-1', revision: 'bc5511cbda'
System info: host: 'DESKTOP-PSK9T3U', ip: '10.200.4.125', os.name: 'Windows 10', os.arch: 'amd64', os.version: '10.0', java.version: '19.0.1'
Driver info: org.openqa.selenium.chrome.ChromeDriver
Command: [426857bce5d377373d8ed357fe676b8f, findElement {using=xpath, value=//span[text()='4039']//ancestor::datatable-body-cell//preceding-sibling::datatable-body-cell[2]//ion-button}]
Capabilities {acceptInsecureCerts: false, browserName: chrome, browserVersion: 113.0.5672.127, chrome: {chromedriverVersion: 113.0.5672.63 (0e1a4471d5ae..., userDataDir: C:\Users\ININDC~1\AppData\L...}, goog:chromeOptions: {debuggerAddress: localhost:65473}, javascriptEnabled: true, networkConnectionEnabled: false, pageLoadStrategy: normal, platform: WINDOWS, platformName: WINDOWS, proxy: Proxy(), se:cdp: ws://localhost:65473/devtoo..., se:cdpVersion: 113.0.5672.127, setWindowRect: true, strictFileInteractability: false, timeouts: {implicit: 0, pageLoad: 300000, script: 30000}, unhandledPromptBehavior: dismiss and notify, webauthn:extension:credBlob: true, webauthn:extension:largeBlob: true, webauthn:extension:minPinLength: true, webauthn:extension:prf: true, webauthn:virtualAuthenticators: true}
Session ID: 426857bce5d377373d8ed357fe676b8f
at org.testng.Assert.fail(Assert.java:99)
at stepdefinitions.KUBS_ChekcerSteps.clime_the_record_by_the_help_of_record_reference_id(KUBS_ChekcerSteps.java:1292)
at ✽.clime the record by the help of Record reference ID(file:///C:/Users/ININDC00076/git/AnandhKUBSExcel/AzentioAutomationFramework_UBSExcel/src/test/java/features/FixedAsset_AssetAmmendmentFEATURE.feature:854)
]]>
    </failure>
  </testcase> <!-- runScenario -->
  <system-out/>
  <testcase classname="Runner.TestApplication" name="runScenario" time="39.483"/>
  <system-out/>
  <testcase classname="Runner.TestApplication" name="runScenario" time="32.275"/>
  <system-out/>
  <testcase classname="Runner.TestApplication" name="runScenario" time="28.451">
    <failure message="no such element: Unable to locate element: {&quot;method&quot;:&quot;xpath&quot;,&quot;selector&quot;:&quot;//span[text()=&#039;4035&#039;]//ancestor::datatable-body-cell//preceding-sibling::datatable-body-cell[2]//ion-button&quot;}
  (Session info: chrome=113.0.5672.127)
For documentation on this error, please visit: https://selenium.dev/exceptions/#no_such_element
Build info: version: &#039;4.0.0-rc-1&#039;, revision: &#039;bc5511cbda&#039;
System info: host: &#039;DESKTOP-PSK9T3U&#039;, ip: &#039;10.200.4.125&#039;, os.name: &#039;Windows 10&#039;, os.arch: &#039;amd64&#039;, os.version: &#039;10.0&#039;, java.version: &#039;19.0.1&#039;
Driver info: org.openqa.selenium.chrome.ChromeDriver
Command: [c436f8a4bb2cae91fb608820a7d9496c, findElement {using=xpath, value=//span[text()=&#039;4035&#039;]//ancestor::datatable-body-cell//preceding-sibling::datatable-body-cell[2]//ion-button}]
Capabilities {acceptInsecureCerts: false, browserName: chrome, browserVersion: 113.0.5672.127, chrome: {chromedriverVersion: 113.0.5672.63 (0e1a4471d5ae..., userDataDir: C:\Users\ININDC~1\AppData\L...}, goog:chromeOptions: {debuggerAddress: localhost:64418}, javascriptEnabled: true, networkConnectionEnabled: false, pageLoadStrategy: normal, platform: WINDOWS, platformName: WINDOWS, proxy: Proxy(), se:cdp: ws://localhost:64418/devtoo..., se:cdpVersion: 113.0.5672.127, setWindowRect: true, strictFileInteractability: false, timeouts: {implicit: 0, pageLoad: 300000, script: 30000}, unhandledPromptBehavior: dismiss and notify, webauthn:extension:credBlob: true, webauthn:extension:largeBlob: true, webauthn:extension:minPinLength: true, webauthn:extension:prf: true, webauthn:virtualAuthenticators: true}
Session ID: c436f8a4bb2cae91fb608820a7d9496c" type="java.lang.AssertionError">
      <![CDATA[java.lang.AssertionError: no such element: Unable to locate element: {"method":"xpath","selector":"//span[text()='4035']//ancestor::datatable-body-cell//preceding-sibling::datatable-body-cell[2]//ion-button"}
  (Session info: chrome=113.0.5672.127)
For documentation on this error, please visit: https://selenium.dev/exceptions/#no_such_element
Build info: version: '4.0.0-rc-1', revision: 'bc5511cbda'
System info: host: 'DESKTOP-PSK9T3U', ip: '10.200.4.125', os.name: 'Windows 10', os.arch: 'amd64', os.version: '10.0', java.version: '19.0.1'
Driver info: org.openqa.selenium.chrome.ChromeDriver
Command: [c436f8a4bb2cae91fb608820a7d9496c, findElement {using=xpath, value=//span[text()='4035']//ancestor::datatable-body-cell//preceding-sibling::datatable-body-cell[2]//ion-button}]
Capabilities {acceptInsecureCerts: false, browserName: chrome, browserVersion: 113.0.5672.127, chrome: {chromedriverVersion: 113.0.5672.63 (0e1a4471d5ae..., userDataDir: C:\Users\ININDC~1\AppData\L...}, goog:chromeOptions: {debuggerAddress: localhost:64418}, javascriptEnabled: true, networkConnectionEnabled: false, pageLoadStrategy: normal, platform: WINDOWS, platformName: WINDOWS, proxy: Proxy(), se:cdp: ws://localhost:64418/devtoo..., se:cdpVersion: 113.0.5672.127, setWindowRect: true, strictFileInteractability: false, timeouts: {implicit: 0, pageLoad: 300000, script: 30000}, unhandledPromptBehavior: dismiss and notify, webauthn:extension:credBlob: true, webauthn:extension:largeBlob: true, webauthn:extension:minPinLength: true, webauthn:extension:prf: true, webauthn:virtualAuthenticators: true}
Session ID: c436f8a4bb2cae91fb608820a7d9496c
at org.testng.Assert.fail(Assert.java:99)
at stepdefinitions.KUBS_ChekcerSteps.clime_the_record_by_the_help_of_record_reference_id(KUBS_ChekcerSteps.java:1292)
at ✽.clime the record by the help of Record reference ID(file:///C:/Users/ININDC00076/git/AnandhKUBSExcel/AzentioAutomationFramework_UBSExcel/src/test/java/features/FixedAsset_AssetAmmendmentFEATURE.feature:548)
]]>
    </failure>
  </testcase> <!-- runScenario -->
  <system-out/>
  <testcase classname="Runner.TestApplication" name="runScenario" time="33.023"/>
  <system-out/>
  <testcase classname="Runner.TestApplication" name="runScenario" time="31.602"/>
  <system-out/>
  <testcase classname="Runner.TestApplication" name="runScenario" time="29.362">
    <failure message="expected:&lt;[30-Apr]-2024&gt; but was:&lt;[26-Jun]-2024&gt;" type="org.junit.ComparisonFailure">
      <![CDATA[org.junit.ComparisonFailure: expected:<[30-Apr]-2024> but was:<[26-Jun]-2024>
at org.junit.Assert.assertEquals(Assert.java:115)
at org.junit.Assert.assertEquals(Assert.java:144)
at stepdefinitions.FIXEDASSET_AssetAmendment.verify_approved_asset_reference_number_of_ammendment_record_should_visible_available_along_with_item_number(FIXEDASSET_AssetAmendment.java:628)
at ✽.verify approved asset reference number of ammendment record should visible available along with item number(file:///C:/Users/ININDC00076/git/AnandhKUBSExcel/AzentioAutomationFramework_UBSExcel/src/test/java/features/FixedAsset_AssetAmmendmentFEATURE.feature:416)
]]>
    </failure>
  </testcase> <!-- runScenario -->
  <system-out/>
  <testcase classname="Runner.TestApplication" name="runScenario" time="33.644">
    <failure message="expected:&lt;[30]-Apr-2024&gt; but was:&lt;[29]-Apr-2024&gt;" type="org.junit.ComparisonFailure">
      <![CDATA[org.junit.ComparisonFailure: expected:<[30]-Apr-2024> but was:<[29]-Apr-2024>
at org.junit.Assert.assertEquals(Assert.java:115)
at org.junit.Assert.assertEquals(Assert.java:144)
at stepdefinitions.FIXEDASSET_AssetAmendment.verify_approved_asset_reference_number_of_ammendment_record_should_visible_available_along_with_item_number(FIXEDASSET_AssetAmendment.java:628)
at ✽.verify approved asset reference number of ammendment record should visible available along with item number(file:///C:/Users/ININDC00076/git/AnandhKUBSExcel/AzentioAutomationFramework_UBSExcel/src/test/java/features/FixedAsset_AssetAmmendmentFEATURE.feature:875)
]]>
    </failure>
  </testcase> <!-- runScenario -->
  <system-out/>
  <testcase classname="Runner.TestApplication" name="runScenario" time="31.550">
    <failure message="expected:&lt;[30]-Apr-2024&gt; but was:&lt;[29]-Apr-2024&gt;" type="org.junit.ComparisonFailure">
      <![CDATA[org.junit.ComparisonFailure: expected:<[30]-Apr-2024> but was:<[29]-Apr-2024>
at org.junit.Assert.assertEquals(Assert.java:115)
at org.junit.Assert.assertEquals(Assert.java:144)
at stepdefinitions.FIXEDASSET_AssetAmendment.verify_approved_asset_reference_number_of_ammendment_record_should_visible_available_along_with_item_number(FIXEDASSET_AssetAmendment.java:628)
at ✽.verify approved asset reference number of ammendment record should visible available along with item number(file:///C:/Users/ININDC00076/git/AnandhKUBSExcel/AzentioAutomationFramework_UBSExcel/src/test/java/features/FixedAsset_AssetAmmendmentFEATURE.feature:722)
]]>
    </failure>
  </testcase> <!-- runScenario -->
  <system-out/>
  <testcase classname="Runner.TestApplication" name="runScenario" time="37.075">
    <failure message="no such element: Unable to locate element: {&quot;method&quot;:&quot;xpath&quot;,&quot;selector&quot;:&quot;//ng-dropdown-panel//span[text()=&#039;ITEM1352361126&#039;]&quot;}
  (Session info: chrome=113.0.5672.127)
For documentation on this error, please visit: https://selenium.dev/exceptions/#no_such_element
Build info: version: &#039;4.0.0-rc-1&#039;, revision: &#039;bc5511cbda&#039;
System info: host: &#039;DESKTOP-PSK9T3U&#039;, ip: &#039;10.200.4.125&#039;, os.name: &#039;Windows 10&#039;, os.arch: &#039;amd64&#039;, os.version: &#039;10.0&#039;, java.version: &#039;19.0.1&#039;
Driver info: org.openqa.selenium.chrome.ChromeDriver
Command: [97a0ea5ffd659fd067ca613560b2f34f, findElement {using=xpath, value=//ng-dropdown-panel//span[text()=&#039;ITEM1352361126&#039;]}]
Capabilities {acceptInsecureCerts: false, browserName: chrome, browserVersion: 113.0.5672.127, chrome: {chromedriverVersion: 113.0.5672.63 (0e1a4471d5ae..., userDataDir: C:\Users\ININDC~1\AppData\L...}, goog:chromeOptions: {debuggerAddress: localhost:65311}, javascriptEnabled: true, networkConnectionEnabled: false, pageLoadStrategy: normal, platform: WINDOWS, platformName: WINDOWS, proxy: Proxy(), se:cdp: ws://localhost:65311/devtoo..., se:cdpVersion: 113.0.5672.127, setWindowRect: true, strictFileInteractability: false, timeouts: {implicit: 0, pageLoad: 300000, script: 30000}, unhandledPromptBehavior: dismiss and notify, webauthn:extension:credBlob: true, webauthn:extension:largeBlob: true, webauthn:extension:minPinLength: true, webauthn:extension:prf: true, webauthn:virtualAuthenticators: true}
Session ID: 97a0ea5ffd659fd067ca613560b2f34f" type="java.lang.AssertionError">
      <![CDATA[java.lang.AssertionError: no such element: Unable to locate element: {"method":"xpath","selector":"//ng-dropdown-panel//span[text()='ITEM1352361126']"}
  (Session info: chrome=113.0.5672.127)
For documentation on this error, please visit: https://selenium.dev/exceptions/#no_such_element
Build info: version: '4.0.0-rc-1', revision: 'bc5511cbda'
System info: host: 'DESKTOP-PSK9T3U', ip: '10.200.4.125', os.name: 'Windows 10', os.arch: 'amd64', os.version: '10.0', java.version: '19.0.1'
Driver info: org.openqa.selenium.chrome.ChromeDriver
Command: [97a0ea5ffd659fd067ca613560b2f34f, findElement {using=xpath, value=//ng-dropdown-panel//span[text()='ITEM1352361126']}]
Capabilities {acceptInsecureCerts: false, browserName: chrome, browserVersion: 113.0.5672.127, chrome: {chromedriverVersion: 113.0.5672.63 (0e1a4471d5ae..., userDataDir: C:\Users\ININDC~1\AppData\L...}, goog:chromeOptions: {debuggerAddress: localhost:65311}, javascriptEnabled: true, networkConnectionEnabled: false, pageLoadStrategy: normal, platform: WINDOWS, platformName: WINDOWS, proxy: Proxy(), se:cdp: ws://localhost:65311/devtoo..., se:cdpVersion: 113.0.5672.127, setWindowRect: true, strictFileInteractability: false, timeouts: {implicit: 0, pageLoad: 300000, script: 30000}, unhandledPromptBehavior: dismiss and notify, webauthn:extension:credBlob: true, webauthn:extension:largeBlob: true, webauthn:extension:minPinLength: true, webauthn:extension:prf: true, webauthn:virtualAuthenticators: true}
Session ID: 97a0ea5ffd659fd067ca613560b2f34f
at org.junit.Assert.fail(Assert.java:88)
at stepdefinitions.FIXEDASSET_AssetAmendment.enter_the_asset_item_number_in_asset_ammendment(FIXEDASSET_AssetAmendment.java:170)
at ✽.enter the asset item number in asset ammendment(file:///C:/Users/ININDC00076/git/AnandhKUBSExcel/AzentioAutomationFramework_UBSExcel/src/test/java/features/FixedAsset_AssetAmmendmentFEATURE.feature:820)
]]>
    </failure>
  </testcase> <!-- runScenario -->
  <system-out/>
  <testcase classname="Runner.TestApplication" name="runScenario" time="33.348"/>
  <system-out/>
  <testcase classname="Runner.TestApplication" name="runScenario" time="47.804">
    <failure message="no such element: Unable to locate element: {&quot;method&quot;:&quot;xpath&quot;,&quot;selector&quot;:&quot;//span[text()=&#039;4033&#039;]//ancestor::datatable-body-cell//preceding-sibling::datatable-body-cell[1]//ion-button&quot;}
  (Session info: chrome=113.0.5672.127)
For documentation on this error, please visit: https://selenium.dev/exceptions/#no_such_element
Build info: version: &#039;4.0.0-rc-1&#039;, revision: &#039;bc5511cbda&#039;
System info: host: &#039;DESKTOP-PSK9T3U&#039;, ip: &#039;10.200.4.125&#039;, os.name: &#039;Windows 10&#039;, os.arch: &#039;amd64&#039;, os.version: &#039;10.0&#039;, java.version: &#039;19.0.1&#039;
Driver info: org.openqa.selenium.chrome.ChromeDriver
Command: [542d20d8b0e6ae532eb887d20769f322, findElement {using=xpath, value=//span[text()=&#039;4033&#039;]//ancestor::datatable-body-cell//preceding-sibling::datatable-body-cell[1]//ion-button}]
Capabilities {acceptInsecureCerts: false, browserName: chrome, browserVersion: 113.0.5672.127, chrome: {chromedriverVersion: 113.0.5672.63 (0e1a4471d5ae..., userDataDir: C:\Users\ININDC~1\AppData\L...}, goog:chromeOptions: {debuggerAddress: localhost:63836}, javascriptEnabled: true, networkConnectionEnabled: false, pageLoadStrategy: normal, platform: WINDOWS, platformName: WINDOWS, proxy: Proxy(), se:cdp: ws://localhost:63836/devtoo..., se:cdpVersion: 113.0.5672.127, setWindowRect: true, strictFileInteractability: false, timeouts: {implicit: 0, pageLoad: 300000, script: 30000}, unhandledPromptBehavior: dismiss and notify, webauthn:extension:credBlob: true, webauthn:extension:largeBlob: true, webauthn:extension:minPinLength: true, webauthn:extension:prf: true, webauthn:virtualAuthenticators: true}
Session ID: 542d20d8b0e6ae532eb887d20769f322" type="java.lang.AssertionError">
      <![CDATA[java.lang.AssertionError: no such element: Unable to locate element: {"method":"xpath","selector":"//span[text()='4033']//ancestor::datatable-body-cell//preceding-sibling::datatable-body-cell[1]//ion-button"}
  (Session info: chrome=113.0.5672.127)
For documentation on this error, please visit: https://selenium.dev/exceptions/#no_such_element
Build info: version: '4.0.0-rc-1', revision: 'bc5511cbda'
System info: host: 'DESKTOP-PSK9T3U', ip: '10.200.4.125', os.name: 'Windows 10', os.arch: 'amd64', os.version: '10.0', java.version: '19.0.1'
Driver info: org.openqa.selenium.chrome.ChromeDriver
Command: [542d20d8b0e6ae532eb887d20769f322, findElement {using=xpath, value=//span[text()='4033']//ancestor::datatable-body-cell//preceding-sibling::datatable-body-cell[1]//ion-button}]
Capabilities {acceptInsecureCerts: false, browserName: chrome, browserVersion: 113.0.5672.127, chrome: {chromedriverVersion: 113.0.5672.63 (0e1a4471d5ae..., userDataDir: C:\Users\ININDC~1\AppData\L...}, goog:chromeOptions: {debuggerAddress: localhost:63836}, javascriptEnabled: true, networkConnectionEnabled: false, pageLoadStrategy: normal, platform: WINDOWS, platformName: WINDOWS, proxy: Proxy(), se:cdp: ws://localhost:63836/devtoo..., se:cdpVersion: 113.0.5672.127, setWindowRect: true, strictFileInteractability: false, timeouts: {implicit: 0, pageLoad: 300000, script: 30000}, unhandledPromptBehavior: dismiss and notify, webauthn:extension:credBlob: true, webauthn:extension:largeBlob: true, webauthn:extension:minPinLength: true, webauthn:extension:prf: true, webauthn:virtualAuthenticators: true}
Session ID: 542d20d8b0e6ae532eb887d20769f322
at org.testng.Assert.fail(Assert.java:99)
at stepdefinitions.KUBS_ReviewerUserSteps.select_the_record_in_notification(KUBS_ReviewerUserSteps.java:1520)
at ✽.select the record in notification(file:///C:/Users/ININDC00076/git/AnandhKUBSExcel/AzentioAutomationFramework_UBSExcel/src/test/java/features/FixedAsset_AssetAmmendmentFEATURE.feature:382)
]]>
    </failure>
  </testcase> <!-- runScenario -->
  <system-out/>
  <testcase classname="Runner.TestApplication" name="runScenario" time="32.756"/>
  <system-out/>
  <testcase classname="Runner.TestApplication" name="runScenario" time="40.394"/>
  <system-out/>
  <testcase classname="Runner.TestApplication" name="runScenario" time="33.014"/>
  <system-out/>
  <testcase classname="Runner.TestApplication" name="runScenario" time="44.184"/>
  <system-out/>
  <testcase classname="Runner.TestApplication" name="runScenario" time="43.866">
    <failure message="no such element: Unable to locate element: {&quot;method&quot;:&quot;xpath&quot;,&quot;selector&quot;:&quot;//span[text()=&#039;4033&#039;]//ancestor::datatable-body-cell//preceding-sibling::datatable-body-cell[2]//ion-button&quot;}
  (Session info: chrome=113.0.5672.127)
For documentation on this error, please visit: https://selenium.dev/exceptions/#no_such_element
Build info: version: &#039;4.0.0-rc-1&#039;, revision: &#039;bc5511cbda&#039;
System info: host: &#039;DESKTOP-PSK9T3U&#039;, ip: &#039;10.200.4.125&#039;, os.name: &#039;Windows 10&#039;, os.arch: &#039;amd64&#039;, os.version: &#039;10.0&#039;, java.version: &#039;19.0.1&#039;
Driver info: org.openqa.selenium.chrome.ChromeDriver
Command: [2d0000e62f5ff057a19caef16b942da6, findElement {using=xpath, value=//span[text()=&#039;4033&#039;]//ancestor::datatable-body-cell//preceding-sibling::datatable-body-cell[2]//ion-button}]
Capabilities {acceptInsecureCerts: false, browserName: chrome, browserVersion: 113.0.5672.127, chrome: {chromedriverVersion: 113.0.5672.63 (0e1a4471d5ae..., userDataDir: C:\Users\ININDC~1\AppData\L...}, goog:chromeOptions: {debuggerAddress: localhost:63909}, javascriptEnabled: true, networkConnectionEnabled: false, pageLoadStrategy: normal, platform: WINDOWS, platformName: WINDOWS, proxy: Proxy(), se:cdp: ws://localhost:63909/devtoo..., se:cdpVersion: 113.0.5672.127, setWindowRect: true, strictFileInteractability: false, timeouts: {implicit: 0, pageLoad: 300000, script: 30000}, unhandledPromptBehavior: dismiss and notify, webauthn:extension:credBlob: true, webauthn:extension:largeBlob: true, webauthn:extension:minPinLength: true, webauthn:extension:prf: true, webauthn:virtualAuthenticators: true}
Session ID: 2d0000e62f5ff057a19caef16b942da6" type="java.lang.AssertionError">
      <![CDATA[java.lang.AssertionError: no such element: Unable to locate element: {"method":"xpath","selector":"//span[text()='4033']//ancestor::datatable-body-cell//preceding-sibling::datatable-body-cell[2]//ion-button"}
  (Session info: chrome=113.0.5672.127)
For documentation on this error, please visit: https://selenium.dev/exceptions/#no_such_element
Build info: version: '4.0.0-rc-1', revision: 'bc5511cbda'
System info: host: 'DESKTOP-PSK9T3U', ip: '10.200.4.125', os.name: 'Windows 10', os.arch: 'amd64', os.version: '10.0', java.version: '19.0.1'
Driver info: org.openqa.selenium.chrome.ChromeDriver
Command: [2d0000e62f5ff057a19caef16b942da6, findElement {using=xpath, value=//span[text()='4033']//ancestor::datatable-body-cell//preceding-sibling::datatable-body-cell[2]//ion-button}]
Capabilities {acceptInsecureCerts: false, browserName: chrome, browserVersion: 113.0.5672.127, chrome: {chromedriverVersion: 113.0.5672.63 (0e1a4471d5ae..., userDataDir: C:\Users\ININDC~1\AppData\L...}, goog:chromeOptions: {debuggerAddress: localhost:63909}, javascriptEnabled: true, networkConnectionEnabled: false, pageLoadStrategy: normal, platform: WINDOWS, platformName: WINDOWS, proxy: Proxy(), se:cdp: ws://localhost:63909/devtoo..., se:cdpVersion: 113.0.5672.127, setWindowRect: true, strictFileInteractability: false, timeouts: {implicit: 0, pageLoad: 300000, script: 30000}, unhandledPromptBehavior: dismiss and notify, webauthn:extension:credBlob: true, webauthn:extension:largeBlob: true, webauthn:extension:minPinLength: true, webauthn:extension:prf: true, webauthn:virtualAuthenticators: true}
Session ID: 2d0000e62f5ff057a19caef16b942da6
at org.testng.Assert.fail(Assert.java:99)
at stepdefinitions.KUBS_ChekcerSteps.clime_the_record_by_the_help_of_record_reference_id(KUBS_ChekcerSteps.java:1292)
at ✽.clime the record by the help of Record reference ID(file:///C:/Users/ININDC00076/git/AnandhKUBSExcel/AzentioAutomationFramework_UBSExcel/src/test/java/features/FixedAsset_AssetAmmendmentFEATURE.feature:395)
]]>
    </failure>
  </testcase> <!-- runScenario -->
  <system-out/>
  <testcase classname="Runner.TestApplication" name="runScenario" time="51.452">
    <failure message="no such element: Unable to locate element: {&quot;method&quot;:&quot;xpath&quot;,&quot;selector&quot;:&quot;//span[text()=&#039;4039&#039;]//ancestor::datatable-body-cell//preceding-sibling::datatable-body-cell[1]//ion-button&quot;}
  (Session info: chrome=113.0.5672.127)
For documentation on this error, please visit: https://selenium.dev/exceptions/#no_such_element
Build info: version: &#039;4.0.0-rc-1&#039;, revision: &#039;bc5511cbda&#039;
System info: host: &#039;DESKTOP-PSK9T3U&#039;, ip: &#039;10.200.4.125&#039;, os.name: &#039;Windows 10&#039;, os.arch: &#039;amd64&#039;, os.version: &#039;10.0&#039;, java.version: &#039;19.0.1&#039;
Driver info: org.openqa.selenium.chrome.ChromeDriver
Command: [ccfedea3734a4ba2b1302fdac7520802, findElement {using=xpath, value=//span[text()=&#039;4039&#039;]//ancestor::datatable-body-cell//preceding-sibling::datatable-body-cell[1]//ion-button}]
Capabilities {acceptInsecureCerts: false, browserName: chrome, browserVersion: 113.0.5672.127, chrome: {chromedriverVersion: 113.0.5672.63 (0e1a4471d5ae..., userDataDir: C:\Users\ININDC~1\AppData\L...}, goog:chromeOptions: {debuggerAddress: localhost:65405}, javascriptEnabled: true, networkConnectionEnabled: false, pageLoadStrategy: normal, platform: WINDOWS, platformName: WINDOWS, proxy: Proxy(), se:cdp: ws://localhost:65405/devtoo..., se:cdpVersion: 113.0.5672.127, setWindowRect: true, strictFileInteractability: false, timeouts: {implicit: 0, pageLoad: 300000, script: 30000}, unhandledPromptBehavior: dismiss and notify, webauthn:extension:credBlob: true, webauthn:extension:largeBlob: true, webauthn:extension:minPinLength: true, webauthn:extension:prf: true, webauthn:virtualAuthenticators: true}
Session ID: ccfedea3734a4ba2b1302fdac7520802" type="java.lang.AssertionError">
      <![CDATA[java.lang.AssertionError: no such element: Unable to locate element: {"method":"xpath","selector":"//span[text()='4039']//ancestor::datatable-body-cell//preceding-sibling::datatable-body-cell[1]//ion-button"}
  (Session info: chrome=113.0.5672.127)
For documentation on this error, please visit: https://selenium.dev/exceptions/#no_such_element
Build info: version: '4.0.0-rc-1', revision: 'bc5511cbda'
System info: host: 'DESKTOP-PSK9T3U', ip: '10.200.4.125', os.name: 'Windows 10', os.arch: 'amd64', os.version: '10.0', java.version: '19.0.1'
Driver info: org.openqa.selenium.chrome.ChromeDriver
Command: [ccfedea3734a4ba2b1302fdac7520802, findElement {using=xpath, value=//span[text()='4039']//ancestor::datatable-body-cell//preceding-sibling::datatable-body-cell[1]//ion-button}]
Capabilities {acceptInsecureCerts: false, browserName: chrome, browserVersion: 113.0.5672.127, chrome: {chromedriverVersion: 113.0.5672.63 (0e1a4471d5ae..., userDataDir: C:\Users\ININDC~1\AppData\L...}, goog:chromeOptions: {debuggerAddress: localhost:65405}, javascriptEnabled: true, networkConnectionEnabled: false, pageLoadStrategy: normal, platform: WINDOWS, platformName: WINDOWS, proxy: Proxy(), se:cdp: ws://localhost:65405/devtoo..., se:cdpVersion: 113.0.5672.127, setWindowRect: true, strictFileInteractability: false, timeouts: {implicit: 0, pageLoad: 300000, script: 30000}, unhandledPromptBehavior: dismiss and notify, webauthn:extension:credBlob: true, webauthn:extension:largeBlob: true, webauthn:extension:minPinLength: true, webauthn:extension:prf: true, webauthn:virtualAuthenticators: true}
Session ID: ccfedea3734a4ba2b1302fdac7520802
at org.testng.Assert.fail(Assert.java:99)
at stepdefinitions.KUBS_ReviewerUserSteps.select_the_record_in_notification(KUBS_ReviewerUserSteps.java:1520)
at ✽.select the record in notification(file:///C:/Users/ININDC00076/git/AnandhKUBSExcel/AzentioAutomationFramework_UBSExcel/src/test/java/features/FixedAsset_AssetAmmendmentFEATURE.feature:841)
]]>
    </failure>
  </testcase> <!-- runScenario -->
  <system-out/>
  <testcase classname="Runner.TestApplication" name="runScenario" time="59.380"/>
  <system-out/>
  <testcase classname="Runner.TestApplication" name="runScenario" time="34.449"/>
  <system-out/>
  <testcase classname="Runner.TestApplication" name="runScenario" time="42.646"/>
  <system-out/>
  <testcase classname="Runner.TestApplication" name="runScenario" time="32.629"/>
  <system-out/>
  <testcase classname="Runner.TestApplication" name="runScenario" time="34.292"/>
  <system-out/>
  <testcase classname="Runner.TestApplication" name="runScenario" time="85.168"/>
  <system-out/>
  <testcase classname="Runner.TestApplication" name="runScenario" time="38.120"/>
  <system-out/>
  <testcase classname="Runner.TestApplication" name="runScenario" time="55.604">
    <error message="Expected condition failed: waiting for visibility of Proxy element for: DefaultElementLocator &#039;By.xpath: //label[contains(text(),&#039; Modification Type &#039;)]//following-sibling::ng-select//div[2]//span[2]&#039; (tried for 20 second(s) with 1 milliseconds interval)" type="org.openqa.selenium.TimeoutException">
      <![CDATA[org.openqa.selenium.TimeoutException: Expected condition failed: waiting for visibility of Proxy element for: DefaultElementLocator 'By.xpath: //label[contains(text(),' Modification Type ')]//following-sibling::ng-select//div[2]//span[2]' (tried for 20 second(s) with 1 milliseconds interval)
at org.openqa.selenium.support.ui.FluentWait.timeoutException(FluentWait.java:263)
at org.openqa.selenium.support.ui.FluentWait.until(FluentWait.java:231)
at helper.WaitHelper.waitForElementwithFluentwait(WaitHelper.java:102)
at stepdefinitions.FIXEDASSET_AssetAmendment.store_the_capitalization_date_of_the_ammednment_asset(FIXEDASSET_AssetAmendment.java:833)
at ✽.store the capitalization date of the ammednment asset(file:///C:/Users/ININDC00076/git/AnandhKUBSExcel/AzentioAutomationFramework_UBSExcel/src/test/java/features/FixedAsset_AssetAmmendmentFEATURE.feature:889)
Caused by: org.openqa.selenium.NoSuchElementException: no such element: Unable to locate element: {"method":"xpath","selector":"//label[contains(text(),' Modification Type ')]//following-sibling::ng-select//div[2]//span[2]"}
  (Session info: chrome=113.0.5672.127)
For documentation on this error, please visit: https://selenium.dev/exceptions/#no_such_element
Build info: version: '4.0.0-rc-1', revision: 'bc5511cbda'
System info: host: 'DESKTOP-PSK9T3U', ip: '10.200.4.125', os.name: 'Windows 10', os.arch: 'amd64', os.version: '10.0', java.version: '19.0.1'
Driver info: org.openqa.selenium.chrome.ChromeDriver
Command: [51aafcee2cb7ef6a7d06af5483a62376, findElement {using=xpath, value=//label[contains(text(),' Modification Type ')]//following-sibling::ng-select//div[2]//span[2]}]
Capabilities {acceptInsecureCerts: false, browserName: chrome, browserVersion: 113.0.5672.127, chrome: {chromedriverVersion: 113.0.5672.63 (0e1a4471d5ae..., userDataDir: C:\Users\ININDC~1\AppData\L...}, goog:chromeOptions: {debuggerAddress: localhost:49201}, javascriptEnabled: true, networkConnectionEnabled: false, pageLoadStrategy: normal, platform: WINDOWS, platformName: WINDOWS, proxy: Proxy(), se:cdp: ws://localhost:49201/devtoo..., se:cdpVersion: 113.0.5672.127, setWindowRect: true, strictFileInteractability: false, timeouts: {implicit: 0, pageLoad: 300000, script: 30000}, unhandledPromptBehavior: dismiss and notify, webauthn:extension:credBlob: true, webauthn:extension:largeBlob: true, webauthn:extension:minPinLength: true, webauthn:extension:prf: true, webauthn:virtualAuthenticators: true}
Session ID: 51aafcee2cb7ef6a7d06af5483a62376
at java.base/jdk.internal.reflect.DirectConstructorHandleAccessor.newInstance(DirectConstructorHandleAccessor.java:67)
at java.base/java.lang.reflect.Constructor.newInstanceWithCaller(Constructor.java:500)
at java.base/java.lang.reflect.Constructor.newInstance(Constructor.java:484)
at org.openqa.selenium.remote.codec.w3c.W3CHttpResponseCodec.createException(W3CHttpResponseCodec.java:200)
at org.openqa.selenium.remote.codec.w3c.W3CHttpResponseCodec.decode(W3CHttpResponseCodec.java:133)
at org.openqa.selenium.remote.codec.w3c.W3CHttpResponseCodec.decode(W3CHttpResponseCodec.java:53)
at org.openqa.selenium.remote.HttpCommandExecutor.execute(HttpCommandExecutor.java:184)
at org.openqa.selenium.remote.service.DriverCommandExecutor.invokeExecute(DriverCommandExecutor.java:164)
at org.openqa.selenium.remote.service.DriverCommandExecutor.execute(DriverCommandExecutor.java:139)
at org.openqa.selenium.remote.RemoteWebDriver.execute(RemoteWebDriver.java:547)
at org.openqa.selenium.remote.ElementLocation$ElementFinder$2.findElement(ElementLocation.java:162)
at org.openqa.selenium.remote.ElementLocation.findElement(ElementLocation.java:60)
at org.openqa.selenium.remote.RemoteWebDriver.findElement(RemoteWebDriver.java:381)
at org.openqa.selenium.remote.RemoteWebDriver.findElement(RemoteWebDriver.java:373)
at org.openqa.selenium.support.pagefactory.DefaultElementLocator.findElement(DefaultElementLocator.java:70)
at org.openqa.selenium.support.pagefactory.internal.LocatingElementHandler.invoke(LocatingElementHandler.java:39)
at jdk.proxy2/jdk.proxy2.$Proxy46.isDisplayed(Unknown Source)
at org.openqa.selenium.support.ui.ExpectedConditions.elementIfVisible(ExpectedConditions.java:307)
at org.openqa.selenium.support.ui.ExpectedConditions.access$000(ExpectedConditions.java:40)
at org.openqa.selenium.support.ui.ExpectedConditions$10.apply(ExpectedConditions.java:293)
at org.openqa.selenium.support.ui.ExpectedConditions$10.apply(ExpectedConditions.java:290)
at org.openqa.selenium.support.ui.FluentWait.until(FluentWait.java:208)
at helper.WaitHelper.waitForElementwithFluentwait(WaitHelper.java:102)
at stepdefinitions.FIXEDASSET_AssetAmendment.store_the_capitalization_date_of_the_ammednment_asset(FIXEDASSET_AssetAmendment.java:833)
at java.base/jdk.internal.reflect.DirectMethodHandleAccessor.invoke(DirectMethodHandleAccessor.java:104)
at java.base/java.lang.reflect.Method.invoke(Method.java:578)
at io.cucumber.java.Invoker.doInvoke(Invoker.java:66)
at io.cucumber.java.Invoker.invoke(Invoker.java:24)
at io.cucumber.java.AbstractGlueDefinition.invokeMethod(AbstractGlueDefinition.java:47)
at io.cucumber.java.JavaStepDefinition.execute(JavaStepDefinition.java:29)
at io.cucumber.core.runner.CoreStepDefinition.execute(CoreStepDefinition.java:66)
at io.cucumber.core.runner.PickleStepDefinitionMatch.runStep(PickleStepDefinitionMatch.java:63)
at io.cucumber.core.runner.ExecutionMode$1.execute(ExecutionMode.java:10)
at io.cucumber.core.runner.TestStep.executeStep(TestStep.java:92)
at io.cucumber.core.runner.TestStep.run(TestStep.java:64)
at io.cucumber.core.runner.PickleStepTestStep.run(PickleStepTestStep.java:51)
at io.cucumber.core.runner.TestCase.run(TestCase.java:104)
at io.cucumber.core.runner.Runner.runPickle(Runner.java:71)
at io.cucumber.testng.TestNGCucumberRunner.lambda$runScenario$0(TestNGCucumberRunner.java:116)
at io.cucumber.core.runtime.CucumberExecutionContext.runTestCase(CucumberExecutionContext.java:117)
at io.cucumber.testng.TestNGCucumberRunner.runScenario(TestNGCucumberRunner.java:113)
at io.cucumber.testng.AbstractTestNGCucumberTests.runScenario(AbstractTestNGCucumberTests.java:31)
at java.base/jdk.internal.reflect.DirectMethodHandleAccessor.invoke(DirectMethodHandleAccessor.java:104)
at java.base/java.lang.reflect.Method.invoke(Method.java:578)
at org.testng.internal.MethodInvocationHelper.invokeMethod(MethodInvocationHelper.java:133)
at org.testng.internal.TestInvoker.invokeMethod(TestInvoker.java:598)
at org.testng.internal.TestInvoker.invokeTestMethod(TestInvoker.java:173)
at org.testng.internal.MethodRunner.runInSequence(MethodRunner.java:46)
at org.testng.internal.TestInvoker$MethodInvocationAgent.invoke(TestInvoker.java:824)
at org.testng.internal.TestInvoker.invokeTestMethods(TestInvoker.java:146)
at org.testng.internal.TestMethodWorker.invokeTestMethods(TestMethodWorker.java:146)
at org.testng.internal.TestMethodWorker.run(TestMethodWorker.java:128)
at java.base/java.util.ArrayList.forEach(ArrayList.java:1511)
at org.testng.TestRunner.privateRun(TestRunner.java:794)
at org.testng.TestRunner.run(TestRunner.java:596)
at org.testng.SuiteRunner.runTest(SuiteRunner.java:377)
at org.testng.SuiteRunner.runSequentially(SuiteRunner.java:371)
at org.testng.SuiteRunner.privateRun(SuiteRunner.java:332)
at org.testng.SuiteRunner.run(SuiteRunner.java:276)
at org.testng.SuiteRunnerWorker.runSuite(SuiteRunnerWorker.java:53)
at org.testng.SuiteRunnerWorker.run(SuiteRunnerWorker.java:96)
at org.testng.TestNG.runSuitesSequentially(TestNG.java:1212)
at org.testng.TestNG.runSuitesLocally(TestNG.java:1134)
at org.testng.TestNG.runSuites(TestNG.java:1063)
at org.testng.TestNG.run(TestNG.java:1031)
at org.testng.remote.AbstractRemoteTestNG.run(AbstractRemoteTestNG.java:115)
at org.testng.remote.RemoteTestNG.initAndRun(RemoteTestNG.java:251)
at org.testng.remote.RemoteTestNG.main(RemoteTestNG.java:77)
]]>
    </error>
  </testcase> <!-- runScenario -->
  <system-out/>
  <testcase classname="Runner.TestApplication" name="runScenario" time="35.824"/>
  <system-out/>
  <testcase classname="Runner.TestApplication" name="runScenario" time="58.247"/>
  <system-out/>
  <testcase classname="Runner.TestApplication" name="runScenario" time="45.997">
    <failure message="no such element: Unable to locate element: {&quot;method&quot;:&quot;xpath&quot;,&quot;selector&quot;:&quot;//span[text()=&#039;4035&#039;]//ancestor::datatable-body-cell//preceding-sibling::datatable-body-cell[1]//ion-button&quot;}
  (Session info: chrome=113.0.5672.127)
For documentation on this error, please visit: https://selenium.dev/exceptions/#no_such_element
Build info: version: &#039;4.0.0-rc-1&#039;, revision: &#039;bc5511cbda&#039;
System info: host: &#039;DESKTOP-PSK9T3U&#039;, ip: &#039;10.200.4.125&#039;, os.name: &#039;Windows 10&#039;, os.arch: &#039;amd64&#039;, os.version: &#039;10.0&#039;, java.version: &#039;19.0.1&#039;
Driver info: org.openqa.selenium.chrome.ChromeDriver
Command: [fe32899088d90f459c2898aa7b003c33, findElement {using=xpath, value=//span[text()=&#039;4035&#039;]//ancestor::datatable-body-cell//preceding-sibling::datatable-body-cell[1]//ion-button}]
Capabilities {acceptInsecureCerts: false, browserName: chrome, browserVersion: 113.0.5672.127, chrome: {chromedriverVersion: 113.0.5672.63 (0e1a4471d5ae..., userDataDir: C:\Users\ININDC~1\AppData\L...}, goog:chromeOptions: {debuggerAddress: localhost:64355}, javascriptEnabled: true, networkConnectionEnabled: false, pageLoadStrategy: normal, platform: WINDOWS, platformName: WINDOWS, proxy: Proxy(), se:cdp: ws://localhost:64355/devtoo..., se:cdpVersion: 113.0.5672.127, setWindowRect: true, strictFileInteractability: false, timeouts: {implicit: 0, pageLoad: 300000, script: 30000}, unhandledPromptBehavior: dismiss and notify, webauthn:extension:credBlob: true, webauthn:extension:largeBlob: true, webauthn:extension:minPinLength: true, webauthn:extension:prf: true, webauthn:virtualAuthenticators: true}
Session ID: fe32899088d90f459c2898aa7b003c33" type="java.lang.AssertionError">
      <![CDATA[java.lang.AssertionError: no such element: Unable to locate element: {"method":"xpath","selector":"//span[text()='4035']//ancestor::datatable-body-cell//preceding-sibling::datatable-body-cell[1]//ion-button"}
  (Session info: chrome=113.0.5672.127)
For documentation on this error, please visit: https://selenium.dev/exceptions/#no_such_element
Build info: version: '4.0.0-rc-1', revision: 'bc5511cbda'
System info: host: 'DESKTOP-PSK9T3U', ip: '10.200.4.125', os.name: 'Windows 10', os.arch: 'amd64', os.version: '10.0', java.version: '19.0.1'
Driver info: org.openqa.selenium.chrome.ChromeDriver
Command: [fe32899088d90f459c2898aa7b003c33, findElement {using=xpath, value=//span[text()='4035']//ancestor::datatable-body-cell//preceding-sibling::datatable-body-cell[1]//ion-button}]
Capabilities {acceptInsecureCerts: false, browserName: chrome, browserVersion: 113.0.5672.127, chrome: {chromedriverVersion: 113.0.5672.63 (0e1a4471d5ae..., userDataDir: C:\Users\ININDC~1\AppData\L...}, goog:chromeOptions: {debuggerAddress: localhost:64355}, javascriptEnabled: true, networkConnectionEnabled: false, pageLoadStrategy: normal, platform: WINDOWS, platformName: WINDOWS, proxy: Proxy(), se:cdp: ws://localhost:64355/devtoo..., se:cdpVersion: 113.0.5672.127, setWindowRect: true, strictFileInteractability: false, timeouts: {implicit: 0, pageLoad: 300000, script: 30000}, unhandledPromptBehavior: dismiss and notify, webauthn:extension:credBlob: true, webauthn:extension:largeBlob: true, webauthn:extension:minPinLength: true, webauthn:extension:prf: true, webauthn:virtualAuthenticators: true}
Session ID: fe32899088d90f459c2898aa7b003c33
at org.testng.Assert.fail(Assert.java:99)
at stepdefinitions.KUBS_ReviewerUserSteps.select_the_record_in_notification(KUBS_ReviewerUserSteps.java:1520)
at ✽.select the record in notification(file:///C:/Users/ININDC00076/git/AnandhKUBSExcel/AzentioAutomationFramework_UBSExcel/src/test/java/features/FixedAsset_AssetAmmendmentFEATURE.feature:535)
]]>
    </failure>
  </testcase> <!-- runScenario -->
  <system-out/>
  <testcase classname="Runner.TestApplication" name="runScenario" time="28.707"/>
  <system-out/>
  <testcase classname="Runner.TestApplication" name="runScenario" time="31.632">
    <failure message="no such element: Unable to locate element: {&quot;method&quot;:&quot;xpath&quot;,&quot;selector&quot;:&quot;//ng-dropdown-panel//span[text()=&#039;ITEM1952971001&#039;]&quot;}
  (Session info: chrome=113.0.5672.127)
For documentation on this error, please visit: https://selenium.dev/exceptions/#no_such_element
Build info: version: &#039;4.0.0-rc-1&#039;, revision: &#039;bc5511cbda&#039;
System info: host: &#039;DESKTOP-PSK9T3U&#039;, ip: &#039;10.200.4.125&#039;, os.name: &#039;Windows 10&#039;, os.arch: &#039;amd64&#039;, os.version: &#039;10.0&#039;, java.version: &#039;19.0.1&#039;
Driver info: org.openqa.selenium.chrome.ChromeDriver
Command: [1f069b91e84afcc46da6f5472a29f182, findElement {using=xpath, value=//ng-dropdown-panel//span[text()=&#039;ITEM1952971001&#039;]}]
Capabilities {acceptInsecureCerts: false, browserName: chrome, browserVersion: 113.0.5672.127, chrome: {chromedriverVersion: 113.0.5672.63 (0e1a4471d5ae..., userDataDir: C:\Users\ININDC~1\AppData\L...}, goog:chromeOptions: {debuggerAddress: localhost:64799}, javascriptEnabled: true, networkConnectionEnabled: false, pageLoadStrategy: normal, platform: WINDOWS, platformName: WINDOWS, proxy: Proxy(), se:cdp: ws://localhost:64799/devtoo..., se:cdpVersion: 113.0.5672.127, setWindowRect: true, strictFileInteractability: false, timeouts: {implicit: 0, pageLoad: 300000, script: 30000}, unhandledPromptBehavior: dismiss and notify, webauthn:extension:credBlob: true, webauthn:extension:largeBlob: true, webauthn:extension:minPinLength: true, webauthn:extension:prf: true, webauthn:virtualAuthenticators: true}
Session ID: 1f069b91e84afcc46da6f5472a29f182" type="java.lang.AssertionError">
      <![CDATA[java.lang.AssertionError: no such element: Unable to locate element: {"method":"xpath","selector":"//ng-dropdown-panel//span[text()='ITEM1952971001']"}
  (Session info: chrome=113.0.5672.127)
For documentation on this error, please visit: https://selenium.dev/exceptions/#no_such_element
Build info: version: '4.0.0-rc-1', revision: 'bc5511cbda'
System info: host: 'DESKTOP-PSK9T3U', ip: '10.200.4.125', os.name: 'Windows 10', os.arch: 'amd64', os.version: '10.0', java.version: '19.0.1'
Driver info: org.openqa.selenium.chrome.ChromeDriver
Command: [1f069b91e84afcc46da6f5472a29f182, findElement {using=xpath, value=//ng-dropdown-panel//span[text()='ITEM1952971001']}]
Capabilities {acceptInsecureCerts: false, browserName: chrome, browserVersion: 113.0.5672.127, chrome: {chromedriverVersion: 113.0.5672.63 (0e1a4471d5ae..., userDataDir: C:\Users\ININDC~1\AppData\L...}, goog:chromeOptions: {debuggerAddress: localhost:64799}, javascriptEnabled: true, networkConnectionEnabled: false, pageLoadStrategy: normal, platform: WINDOWS, platformName: WINDOWS, proxy: Proxy(), se:cdp: ws://localhost:64799/devtoo..., se:cdpVersion: 113.0.5672.127, setWindowRect: true, strictFileInteractability: false, timeouts: {implicit: 0, pageLoad: 300000, script: 30000}, unhandledPromptBehavior: dismiss and notify, webauthn:extension:credBlob: true, webauthn:extension:largeBlob: true, webauthn:extension:minPinLength: true, webauthn:extension:prf: true, webauthn:virtualAuthenticators: true}
Session ID: 1f069b91e84afcc46da6f5472a29f182
at org.junit.Assert.fail(Assert.java:88)
at stepdefinitions.FIXEDASSET_AssetAmendment.enter_the_asset_item_number_in_asset_ammendment(FIXEDASSET_AssetAmendment.java:170)
at ✽.enter the asset item number in asset ammendment(file:///C:/Users/ININDC00076/git/AnandhKUBSExcel/AzentioAutomationFramework_UBSExcel/src/test/java/features/FixedAsset_AssetAmmendmentFEATURE.feature:667)
]]>
    </failure>
  </testcase> <!-- runScenario -->
  <system-out/>
  <testcase classname="Runner.TestApplication" name="runScenario" time="33.405"/>
  <system-out/>
  <testcase classname="Runner.TestApplication" name="runScenario" time="35.518"/>
  <system-out/>
  <testcase classname="Runner.TestApplication" name="runScenario" time="75.675"/>
  <system-out/>
  <testcase classname="Runner.TestApplication" name="runScenario" time="31.551">
    <failure message="no such element: Unable to locate element: {&quot;method&quot;:&quot;xpath&quot;,&quot;selector&quot;:&quot;//span[text()=&#039;4037&#039;]//ancestor::datatable-body-cell//preceding-sibling::datatable-body-cell[2]//ion-button&quot;}
  (Session info: chrome=113.0.5672.127)
For documentation on this error, please visit: https://selenium.dev/exceptions/#no_such_element
Build info: version: &#039;4.0.0-rc-1&#039;, revision: &#039;bc5511cbda&#039;
System info: host: &#039;DESKTOP-PSK9T3U&#039;, ip: &#039;10.200.4.125&#039;, os.name: &#039;Windows 10&#039;, os.arch: &#039;amd64&#039;, os.version: &#039;10.0&#039;, java.version: &#039;19.0.1&#039;
Driver info: org.openqa.selenium.chrome.ChromeDriver
Command: [40b9d840c9f801548e373ba919f71a25, findElement {using=xpath, value=//span[text()=&#039;4037&#039;]//ancestor::datatable-body-cell//preceding-sibling::datatable-body-cell[2]//ion-button}]
Capabilities {acceptInsecureCerts: false, browserName: chrome, browserVersion: 113.0.5672.127, chrome: {chromedriverVersion: 113.0.5672.63 (0e1a4471d5ae..., userDataDir: C:\Users\ININDC~1\AppData\L...}, goog:chromeOptions: {debuggerAddress: localhost:64927}, javascriptEnabled: true, networkConnectionEnabled: false, pageLoadStrategy: normal, platform: WINDOWS, platformName: WINDOWS, proxy: Proxy(), se:cdp: ws://localhost:64927/devtoo..., se:cdpVersion: 113.0.5672.127, setWindowRect: true, strictFileInteractability: false, timeouts: {implicit: 0, pageLoad: 300000, script: 30000}, unhandledPromptBehavior: dismiss and notify, webauthn:extension:credBlob: true, webauthn:extension:largeBlob: true, webauthn:extension:minPinLength: true, webauthn:extension:prf: true, webauthn:virtualAuthenticators: true}
Session ID: 40b9d840c9f801548e373ba919f71a25" type="java.lang.AssertionError">
      <![CDATA[java.lang.AssertionError: no such element: Unable to locate element: {"method":"xpath","selector":"//span[text()='4037']//ancestor::datatable-body-cell//preceding-sibling::datatable-body-cell[2]//ion-button"}
  (Session info: chrome=113.0.5672.127)
For documentation on this error, please visit: https://selenium.dev/exceptions/#no_such_element
Build info: version: '4.0.0-rc-1', revision: 'bc5511cbda'
System info: host: 'DESKTOP-PSK9T3U', ip: '10.200.4.125', os.name: 'Windows 10', os.arch: 'amd64', os.version: '10.0', java.version: '19.0.1'
Driver info: org.openqa.selenium.chrome.ChromeDriver
Command: [40b9d840c9f801548e373ba919f71a25, findElement {using=xpath, value=//span[text()='4037']//ancestor::datatable-body-cell//preceding-sibling::datatable-body-cell[2]//ion-button}]
Capabilities {acceptInsecureCerts: false, browserName: chrome, browserVersion: 113.0.5672.127, chrome: {chromedriverVersion: 113.0.5672.63 (0e1a4471d5ae..., userDataDir: C:\Users\ININDC~1\AppData\L...}, goog:chromeOptions: {debuggerAddress: localhost:64927}, javascriptEnabled: true, networkConnectionEnabled: false, pageLoadStrategy: normal, platform: WINDOWS, platformName: WINDOWS, proxy: Proxy(), se:cdp: ws://localhost:64927/devtoo..., se:cdpVersion: 113.0.5672.127, setWindowRect: true, strictFileInteractability: false, timeouts: {implicit: 0, pageLoad: 300000, script: 30000}, unhandledPromptBehavior: dismiss and notify, webauthn:extension:credBlob: true, webauthn:extension:largeBlob: true, webauthn:extension:minPinLength: true, webauthn:extension:prf: true, webauthn:virtualAuthenticators: true}
Session ID: 40b9d840c9f801548e373ba919f71a25
at org.testng.Assert.fail(Assert.java:99)
at stepdefinitions.KUBS_ChekcerSteps.clime_the_record_by_the_help_of_record_reference_id(KUBS_ChekcerSteps.java:1292)
at ✽.clime the record by the help of Record reference ID(file:///C:/Users/ININDC00076/git/AnandhKUBSExcel/AzentioAutomationFramework_UBSExcel/src/test/java/features/FixedAsset_AssetAmmendmentFEATURE.feature:701)
]]>
    </failure>
  </testcase> <!-- runScenario -->
  <system-out/>
  <testcase classname="Runner.TestApplication" name="runScenario" time="31.384">
    <failure message="no such element: Unable to locate element: {&quot;method&quot;:&quot;xpath&quot;,&quot;selector&quot;:&quot;//ng-dropdown-panel//span[text()=&#039;ITEM1132091082&#039;]&quot;}
  (Session info: chrome=113.0.5672.127)
For documentation on this error, please visit: https://selenium.dev/exceptions/#no_such_element
Build info: version: &#039;4.0.0-rc-1&#039;, revision: &#039;bc5511cbda&#039;
System info: host: &#039;DESKTOP-PSK9T3U&#039;, ip: &#039;10.200.4.125&#039;, os.name: &#039;Windows 10&#039;, os.arch: &#039;amd64&#039;, os.version: &#039;10.0&#039;, java.version: &#039;19.0.1&#039;
Driver info: org.openqa.selenium.chrome.ChromeDriver
Command: [c3d6264f1426d99590e47d26de0860b0, findElement {using=xpath, value=//ng-dropdown-panel//span[text()=&#039;ITEM1132091082&#039;]}]
Capabilities {acceptInsecureCerts: false, browserName: chrome, browserVersion: 113.0.5672.127, chrome: {chromedriverVersion: 113.0.5672.63 (0e1a4471d5ae..., userDataDir: C:\Users\ININDC~1\AppData\L...}, goog:chromeOptions: {debuggerAddress: localhost:63782}, javascriptEnabled: true, networkConnectionEnabled: false, pageLoadStrategy: normal, platform: WINDOWS, platformName: WINDOWS, proxy: Proxy(), se:cdp: ws://localhost:63782/devtoo..., se:cdpVersion: 113.0.5672.127, setWindowRect: true, strictFileInteractability: false, timeouts: {implicit: 0, pageLoad: 300000, script: 30000}, unhandledPromptBehavior: dismiss and notify, webauthn:extension:credBlob: true, webauthn:extension:largeBlob: true, webauthn:extension:minPinLength: true, webauthn:extension:prf: true, webauthn:virtualAuthenticators: true}
Session ID: c3d6264f1426d99590e47d26de0860b0" type="java.lang.AssertionError">
      <![CDATA[java.lang.AssertionError: no such element: Unable to locate element: {"method":"xpath","selector":"//ng-dropdown-panel//span[text()='ITEM1132091082']"}
  (Session info: chrome=113.0.5672.127)
For documentation on this error, please visit: https://selenium.dev/exceptions/#no_such_element
Build info: version: '4.0.0-rc-1', revision: 'bc5511cbda'
System info: host: 'DESKTOP-PSK9T3U', ip: '10.200.4.125', os.name: 'Windows 10', os.arch: 'amd64', os.version: '10.0', java.version: '19.0.1'
Driver info: org.openqa.selenium.chrome.ChromeDriver
Command: [c3d6264f1426d99590e47d26de0860b0, findElement {using=xpath, value=//ng-dropdown-panel//span[text()='ITEM1132091082']}]
Capabilities {acceptInsecureCerts: false, browserName: chrome, browserVersion: 113.0.5672.127, chrome: {chromedriverVersion: 113.0.5672.63 (0e1a4471d5ae..., userDataDir: C:\Users\ININDC~1\AppData\L...}, goog:chromeOptions: {debuggerAddress: localhost:63782}, javascriptEnabled: true, networkConnectionEnabled: false, pageLoadStrategy: normal, platform: WINDOWS, platformName: WINDOWS, proxy: Proxy(), se:cdp: ws://localhost:63782/devtoo..., se:cdpVersion: 113.0.5672.127, setWindowRect: true, strictFileInteractability: false, timeouts: {implicit: 0, pageLoad: 300000, script: 30000}, unhandledPromptBehavior: dismiss and notify, webauthn:extension:credBlob: true, webauthn:extension:largeBlob: true, webauthn:extension:minPinLength: true, webauthn:extension:prf: true, webauthn:virtualAuthenticators: true}
Session ID: c3d6264f1426d99590e47d26de0860b0
at org.junit.Assert.fail(Assert.java:88)
at stepdefinitions.FIXEDASSET_AssetAmendment.enter_the_asset_item_number_in_asset_ammendment(FIXEDASSET_AssetAmendment.java:170)
at ✽.enter the asset item number in asset ammendment(file:///C:/Users/ININDC00076/git/AnandhKUBSExcel/AzentioAutomationFramework_UBSExcel/src/test/java/features/FixedAsset_AssetAmmendmentFEATURE.feature:361)
]]>
    </failure>
  </testcase> <!-- runScenario -->
  <system-out/>
  <testcase classname="Runner.TestApplication" name="runScenario" time="33.164"/>
  <system-out/>
  <testcase classname="Runner.TestApplication" name="runScenario" time="30.791"/>
  <system-out/>
</testsuite> <!-- Runner.TestApplication -->
