<?xml version="1.0" encoding="UTF-8"?>
<!-- Generated by org.testng.reporters.JUnitReportReporter -->
<<<<<<< AnandhNewUBSExcel
<testsuite hostname="DESKTOP-PSK9T3U" failures="0" tests="101" name="Runner.TestApplication" time="4421.725" errors="0" timestamp="2023-03-11T17:58:40 IST" skipped="0">
  <testcase classname="Runner.TestApplication" name="runScenario" time="55.457"/>
=======
<testsuite hostname="DESKTOP-PSK9T3U" failures="0" tests="21" name="Runner.TestApplication" time="995.916" errors="0" timestamp="2023-03-07T17:46:51 IST" skipped="0">
  <testcase classname="Runner.TestApplication" name="runScenario" time="36.968"/>
>>>>>>> 5088067 Commit on 11 Mar 2023
  <system-out/>
<<<<<<< AnandhNewUBSExcel
  <testcase classname="Runner.TestApplication" name="runScenario" time="53.491"/>
=======
  <testcase classname="Runner.TestApplication" name="runScenario" time="36.493"/>
>>>>>>> 5088067 Commit on 11 Mar 2023
  <system-out/>
<<<<<<< AnandhNewUBSExcel
  <testcase classname="Runner.TestApplication" name="runScenario" time="44.614"/>
=======
  <testcase classname="Runner.TestApplication" name="runScenario" time="35.046"/>
>>>>>>> 5088067 Commit on 11 Mar 2023
  <system-out/>
<<<<<<< AnandhNewUBSExcel
  <testcase classname="Runner.TestApplication" name="runScenario" time="51.492"/>
=======
  <testcase classname="Runner.TestApplication" name="runScenario" time="35.420"/>
>>>>>>> 5088067 Commit on 11 Mar 2023
  <system-out/>
<<<<<<< AnandhNewUBSExcel
  <testcase classname="Runner.TestApplication" name="runScenario" time="50.236"/>
=======
  <testcase classname="Runner.TestApplication" name="runScenario" time="33.180"/>
>>>>>>> 5088067 Commit on 11 Mar 2023
  <system-out/>
<<<<<<< AnandhNewUBSExcel
  <testcase classname="Runner.TestApplication" name="runScenario" time="61.031"/>
=======
  <testcase classname="Runner.TestApplication" name="runScenario" time="59.929"/>
>>>>>>> 5088067 Commit on 11 Mar 2023
  <system-out/>
<<<<<<< AnandhNewUBSExcel
  <testcase classname="Runner.TestApplication" name="runScenario" time="44.184"/>
=======
  <testcase classname="Runner.TestApplication" name="runScenario" time="39.185"/>
>>>>>>> 5088067 Commit on 11 Mar 2023
  <system-out/>
<<<<<<< AnandhNewUBSExcel
  <testcase classname="Runner.TestApplication" name="runScenario" time="37.115"/>
=======
  <testcase classname="Runner.TestApplication" name="runScenario" time="37.436"/>
>>>>>>> 5088067 Commit on 11 Mar 2023
  <system-out/>
<<<<<<< AnandhNewUBSExcel
  <testcase classname="Runner.TestApplication" name="runScenario" time="42.271"/>
=======
  <testcase classname="Runner.TestApplication" name="runScenario" time="47.640"/>
>>>>>>> 5088067 Commit on 11 Mar 2023
  <system-out/>
<<<<<<< AnandhNewUBSExcel
  <testcase classname="Runner.TestApplication" name="runScenario" time="44.157"/>
=======
  <testcase classname="Runner.TestApplication" name="runScenario" time="42.212"/>
>>>>>>> 5088067 Commit on 11 Mar 2023
  <system-out/>
<<<<<<< AnandhNewUBSExcel
  <testcase classname="Runner.TestApplication" name="runScenario" time="36.514"/>
=======
  <testcase classname="Runner.TestApplication" name="runScenario" time="32.940"/>
>>>>>>> 5088067 Commit on 11 Mar 2023
  <system-out/>
<<<<<<< AnandhNewUBSExcel
  <testcase classname="Runner.TestApplication" name="runScenario" time="40.352"/>
=======
  <testcase classname="Runner.TestApplication" name="runScenario" time="114.320"/>
>>>>>>> 5088067 Commit on 11 Mar 2023
  <system-out/>
<<<<<<< AnandhNewUBSExcel
  <testcase classname="Runner.TestApplication" name="runScenario" time="38.220"/>
=======
  <testcase classname="Runner.TestApplication" name="runScenario" time="40.176"/>
>>>>>>> 5088067 Commit on 11 Mar 2023
  <system-out/>
<<<<<<< AnandhNewUBSExcel
  <testcase classname="Runner.TestApplication" name="runScenario" time="41.352"/>
=======
  <testcase classname="Runner.TestApplication" name="runScenario" time="35.084"/>
>>>>>>> 5088067 Commit on 11 Mar 2023
  <system-out/>
<<<<<<< AnandhNewUBSExcel
  <testcase classname="Runner.TestApplication" name="runScenario" time="42.191"/>
=======
  <testcase classname="Runner.TestApplication" name="runScenario" time="58.665"/>
>>>>>>> 5088067 Commit on 11 Mar 2023
  <system-out/>
<<<<<<< AnandhNewUBSExcel
  <testcase classname="Runner.TestApplication" name="runScenario" time="36.851"/>
=======
  <testcase classname="Runner.TestApplication" name="runScenario" time="43.728"/>
>>>>>>> 5088067 Commit on 11 Mar 2023
  <system-out/>
<<<<<<< AnandhNewUBSExcel
  <testcase classname="Runner.TestApplication" name="runScenario" time="35.810"/>
=======
  <testcase classname="Runner.TestApplication" name="runScenario" time="63.317"/>
>>>>>>> 5088067 Commit on 11 Mar 2023
  <system-out/>
<<<<<<< AnandhNewUBSExcel
  <testcase classname="Runner.TestApplication" name="runScenario" time="41.115"/>
=======
  <testcase classname="Runner.TestApplication" name="runScenario" time="39.484"/>
>>>>>>> 5088067 Commit on 11 Mar 2023
  <system-out/>
<<<<<<< AnandhNewUBSExcel
  <testcase classname="Runner.TestApplication" name="runScenario" time="43.607"/>
=======
  <testcase classname="Runner.TestApplication" name="runScenario" time="51.979"/>
>>>>>>> 5088067 Commit on 11 Mar 2023
  <system-out/>
<<<<<<< AnandhNewUBSExcel
  <testcase classname="Runner.TestApplication" name="runScenario" time="35.749"/>
=======
  <testcase classname="Runner.TestApplication" name="runScenario" time="42.463"/>
>>>>>>> 5088067 Commit on 11 Mar 2023
  <system-out/>
<<<<<<< AnandhNewUBSExcel
  <testcase classname="Runner.TestApplication" name="runScenario" time="44.244"/>
  <system-out/>
  <testcase classname="Runner.TestApplication" name="runScenario" time="56.032"/>
  <system-out/>
  <testcase classname="Runner.TestApplication" name="runScenario" time="34.445"/>
  <system-out/>
  <testcase classname="Runner.TestApplication" name="runScenario" time="37.125"/>
  <system-out/>
  <testcase classname="Runner.TestApplication" name="runScenario" time="34.272"/>
  <system-out/>
  <testcase classname="Runner.TestApplication" name="runScenario" time="34.013"/>
  <system-out/>
  <testcase classname="Runner.TestApplication" name="runScenario" time="34.469"/>
  <system-out/>
  <testcase classname="Runner.TestApplication" name="runScenario" time="62.106"/>
  <system-out/>
  <testcase classname="Runner.TestApplication" name="runScenario" time="68.960"/>
  <system-out/>
  <testcase classname="Runner.TestApplication" name="runScenario" time="52.180"/>
  <system-out/>
  <testcase classname="Runner.TestApplication" name="runScenario" time="43.943"/>
  <system-out/>
  <testcase classname="Runner.TestApplication" name="runScenario" time="57.655"/>
  <system-out/>
  <testcase classname="Runner.TestApplication" name="runScenario" time="25.905"/>
  <system-out/>
  <testcase classname="Runner.TestApplication" name="runScenario" time="38.333"/>
  <system-out/>
  <testcase classname="Runner.TestApplication" name="runScenario" time="34.867"/>
  <system-out/>
  <testcase classname="Runner.TestApplication" name="runScenario" time="36.624"/>
  <system-out/>
  <testcase classname="Runner.TestApplication" name="runScenario" time="48.298"/>
  <system-out/>
  <testcase classname="Runner.TestApplication" name="runScenario" time="37.106"/>
  <system-out/>
  <testcase classname="Runner.TestApplication" name="runScenario" time="33.913"/>
  <system-out/>
  <testcase classname="Runner.TestApplication" name="runScenario" time="37.629"/>
  <system-out/>
  <testcase classname="Runner.TestApplication" name="runScenario" time="76.360"/>
  <system-out/>
  <testcase classname="Runner.TestApplication" name="runScenario" time="50.437"/>
  <system-out/>
  <testcase classname="Runner.TestApplication" name="runScenario" time="37.284"/>
  <system-out/>
  <testcase classname="Runner.TestApplication" name="runScenario" time="46.065"/>
  <system-out/>
  <testcase classname="Runner.TestApplication" name="runScenario" time="52.761"/>
  <system-out/>
  <testcase classname="Runner.TestApplication" name="runScenario" time="34.862"/>
  <system-out/>
  <testcase classname="Runner.TestApplication" name="runScenario" time="64.560"/>
  <system-out/>
  <testcase classname="Runner.TestApplication" name="runScenario" time="40.476"/>
  <system-out/>
  <testcase classname="Runner.TestApplication" name="runScenario" time="56.419"/>
  <system-out/>
  <testcase classname="Runner.TestApplication" name="runScenario" time="42.768"/>
  <system-out/>
  <testcase classname="Runner.TestApplication" name="runScenario" time="28.775"/>
  <system-out/>
  <testcase classname="Runner.TestApplication" name="runScenario" time="39.877"/>
  <system-out/>
  <testcase classname="Runner.TestApplication" name="runScenario" time="32.828"/>
  <system-out/>
  <testcase classname="Runner.TestApplication" name="runScenario" time="56.998"/>
  <system-out/>
  <testcase classname="Runner.TestApplication" name="runScenario" time="43.675"/>
  <system-out/>
  <testcase classname="Runner.TestApplication" name="runScenario" time="43.206"/>
  <system-out/>
  <testcase classname="Runner.TestApplication" name="runScenario" time="36.375"/>
  <system-out/>
  <testcase classname="Runner.TestApplication" name="runScenario" time="35.015"/>
  <system-out/>
  <testcase classname="Runner.TestApplication" name="runScenario" time="36.600"/>
  <system-out/>
  <testcase classname="Runner.TestApplication" name="runScenario" time="39.464"/>
  <system-out/>
  <testcase classname="Runner.TestApplication" name="runScenario" time="35.756"/>
  <system-out/>
  <testcase classname="Runner.TestApplication" name="runScenario" time="70.646"/>
  <system-out/>
  <testcase classname="Runner.TestApplication" name="runScenario" time="31.505"/>
  <system-out/>
  <testcase classname="Runner.TestApplication" name="runScenario" time="37.708"/>
  <system-out/>
  <testcase classname="Runner.TestApplication" name="runScenario" time="43.340"/>
  <system-out/>
  <testcase classname="Runner.TestApplication" name="runScenario" time="56.223"/>
  <system-out/>
  <testcase classname="Runner.TestApplication" name="runScenario" time="65.247"/>
  <system-out/>
  <testcase classname="Runner.TestApplication" name="runScenario" time="67.453"/>
  <system-out/>
  <testcase classname="Runner.TestApplication" name="runScenario" time="40.504"/>
  <system-out/>
  <testcase classname="Runner.TestApplication" name="runScenario" time="37.664"/>
  <system-out/>
  <testcase classname="Runner.TestApplication" name="runScenario" time="60.881"/>
  <system-out/>
  <testcase classname="Runner.TestApplication" name="runScenario" time="45.862"/>
  <system-out/>
  <testcase classname="Runner.TestApplication" name="runScenario" time="36.287"/>
  <system-out/>
  <testcase classname="Runner.TestApplication" name="runScenario" time="38.516"/>
  <system-out/>
  <testcase classname="Runner.TestApplication" name="runScenario" time="38.424"/>
  <system-out/>
  <testcase classname="Runner.TestApplication" name="runScenario" time="33.603"/>
  <system-out/>
  <testcase classname="Runner.TestApplication" name="runScenario" time="44.354"/>
  <system-out/>
  <testcase classname="Runner.TestApplication" name="runScenario" time="39.636"/>
  <system-out/>
  <testcase classname="Runner.TestApplication" name="runScenario" time="37.312"/>
  <system-out/>
  <testcase classname="Runner.TestApplication" name="runScenario" time="31.527"/>
  <system-out/>
  <testcase classname="Runner.TestApplication" name="runScenario" time="32.859"/>
  <system-out/>
  <testcase classname="Runner.TestApplication" name="runScenario" time="54.301"/>
  <system-out/>
  <testcase classname="Runner.TestApplication" name="runScenario" time="31.907"/>
  <system-out/>
  <testcase classname="Runner.TestApplication" name="runScenario" time="61.186"/>
  <system-out/>
  <testcase classname="Runner.TestApplication" name="runScenario" time="45.725"/>
  <system-out/>
  <testcase classname="Runner.TestApplication" name="runScenario" time="39.724"/>
  <system-out/>
  <testcase classname="Runner.TestApplication" name="runScenario" time="34.100"/>
  <system-out/>
  <testcase classname="Runner.TestApplication" name="runScenario" time="46.344"/>
  <system-out/>
  <testcase classname="Runner.TestApplication" name="runScenario" time="39.811"/>
  <system-out/>
  <testcase classname="Runner.TestApplication" name="runScenario" time="41.215"/>
  <system-out/>
  <testcase classname="Runner.TestApplication" name="runScenario" time="59.177"/>
  <system-out/>
  <testcase classname="Runner.TestApplication" name="runScenario" time="41.777"/>
  <system-out/>
  <testcase classname="Runner.TestApplication" name="runScenario" time="47.664"/>
  <system-out/>
  <testcase classname="Runner.TestApplication" name="runScenario" time="44.076"/>
  <system-out/>
  <testcase classname="Runner.TestApplication" name="runScenario" time="49.596"/>
  <system-out/>
  <testcase classname="Runner.TestApplication" name="runScenario" time="30.801"/>
  <system-out/>
  <testcase classname="Runner.TestApplication" name="runScenario" time="40.454"/>
  <system-out/>
  <testcase classname="Runner.TestApplication" name="runScenario" time="50.064"/>
  <system-out/>
  <testcase classname="Runner.TestApplication" name="runScenario" time="51.531"/>
  <system-out/>
  <testcase classname="Runner.TestApplication" name="runScenario" time="29.108"/>
  <system-out/>
  <testcase classname="Runner.TestApplication" name="runScenario" time="35.124"/>
=======
  <testcase classname="Runner.TestApplication" name="runScenario" time="70.251"/>
>>>>>>> 5088067 Commit on 11 Mar 2023
  <system-out/>
</testsuite> <!-- Runner.TestApplication -->
