<?xml version="1.0" encoding="UTF-8"?>
<!-- Generated by org.testng.reporters.JUnitReportReporter -->
<testsuite hostname="DESKTOP-PSK9T3U" failures="0" tests="1" name="tests.TagTest" time="1.755" errors="0" timestamp="2023-03-15T10:28:29 IST" skipped="0">
  <testcase classname="tests.TagTest" name="tagTest" time="1.755"/>
  <system-out/>
</testsuite> <!-- tests.TagTest -->
