<?xml version="1.0" encoding="UTF-8"?>
<!-- Generated by org.testng.reporters.JUnitReportReporter -->
<testsuite hostname="DESKTOP-PSK9T3U" failures="0" tests="1" name="tests.TestRunner" time="17.422" errors="0" timestamp="2023-01-14T09:39:04 IST" skipped="0">
  <testcase classname="tests.TestRunner" name="test" time="17.422"/>
  <system-out/>
</testsuite> <!-- tests.TestRunner -->
