<?xml version="1.0" encoding="UTF-8"?>
<!-- Generated by org.testng.reporters.JUnitReportReporter -->
<testsuite hostname="DESKTOP-PSK9T3U" failures="1" tests="65" name="Runner.TestApplication" time="3199.722" errors="0" timestamp="2023-03-17T16:40:55 IST" skipped="0">
  <testcase classname="Runner.TestApplication" name="runScenario" time="88.496"/>
  <system-out/>
  <testcase classname="Runner.TestApplication" name="runScenario" time="46.045"/>
  <system-out/>
  <testcase classname="Runner.TestApplication" name="runScenario" time="33.013"/>
  <system-out/>
  <testcase classname="Runner.TestApplication" name="runScenario" time="55.864"/>
  <system-out/>
  <testcase classname="Runner.TestApplication" name="runScenario" time="40.924"/>
  <system-out/>
  <testcase classname="Runner.TestApplication" name="runScenario" time="38.077"/>
  <system-out/>
  <testcase classname="Runner.TestApplication" name="runScenario" time="39.901"/>
  <system-out/>
  <testcase classname="Runner.TestApplication" name="runScenario" time="64.677"/>
  <system-out/>
  <testcase classname="Runner.TestApplication" name="runScenario" time="43.258"/>
  <system-out/>
  <testcase classname="Runner.TestApplication" name="runScenario" time="49.525"/>
  <system-out/>
  <testcase classname="Runner.TestApplication" name="runScenario" time="44.218"/>
  <system-out/>
  <testcase classname="Runner.TestApplication" name="runScenario" time="71.095"/>
  <system-out/>
  <testcase classname="Runner.TestApplication" name="runScenario" time="108.312">
    <failure message="no such element: Unable to locate element: {&quot;method&quot;:&quot;xpath&quot;,&quot;selector&quot;:&quot;//div[contains(text(),&#039;01-001-Table_Chairs512152_AZENTMAIN_1002&#039;)]&quot;}
  (Session info: chrome=111.0.5563.65)
For documentation on this error, please visit: https://selenium.dev/exceptions/#no_such_element
Build info: version: &#039;4.0.0-rc-1&#039;, revision: &#039;bc5511cbda&#039;
System info: host: &#039;DESKTOP-PSK9T3U&#039;, ip: &#039;10.200.4.180&#039;, os.name: &#039;Windows 10&#039;, os.arch: &#039;amd64&#039;, os.version: &#039;10.0&#039;, java.version: &#039;19.0.1&#039;
Driver info: org.openqa.selenium.chrome.ChromeDriver
Command: [12fa4daff01e0fedfbcb2579d51c0ada, findElement {using=xpath, value=//div[contains(text(),&#039;01-001-Table_Chairs512152_AZENTMAIN_1002&#039;)]}]
Capabilities {acceptInsecureCerts: false, browserName: chrome, browserVersion: 111.0.5563.65, chrome: {chromedriverVersion: 111.0.5563.64 (c710e93d5b63..., userDataDir: C:\Users\ININDC~1\AppData\L...}, goog:chromeOptions: {debuggerAddress: localhost:62203}, javascriptEnabled: true, networkConnectionEnabled: false, pageLoadStrategy: normal, platform: WINDOWS, platformName: WINDOWS, proxy: Proxy(), se:cdp: ws://localhost:62203/devtoo..., se:cdpVersion: 111.0.5563.65, setWindowRect: true, strictFileInteractability: false, timeouts: {implicit: 0, pageLoad: 300000, script: 30000}, unhandledPromptBehavior: dismiss and notify, webauthn:extension:credBlob: true, webauthn:extension:largeBlob: true, webauthn:extension:minPinLength: true, webauthn:extension:prf: true, webauthn:virtualAuthenticators: true}
Session ID: 12fa4daff01e0fedfbcb2579d51c0ada" type="java.lang.AssertionError">
      <![CDATA[java.lang.AssertionError: no such element: Unable to locate element: {"method":"xpath","selector":"//div[contains(text(),'01-001-Table_Chairs512152_AZENTMAIN_1002')]"}
  (Session info: chrome=111.0.5563.65)
For documentation on this error, please visit: https://selenium.dev/exceptions/#no_such_element
Build info: version: '4.0.0-rc-1', revision: 'bc5511cbda'
System info: host: 'DESKTOP-PSK9T3U', ip: '10.200.4.180', os.name: 'Windows 10', os.arch: 'amd64', os.version: '10.0', java.version: '19.0.1'
Driver info: org.openqa.selenium.chrome.ChromeDriver
Command: [12fa4daff01e0fedfbcb2579d51c0ada, findElement {using=xpath, value=//div[contains(text(),'01-001-Table_Chairs512152_AZENTMAIN_1002')]}]
Capabilities {acceptInsecureCerts: false, browserName: chrome, browserVersion: 111.0.5563.65, chrome: {chromedriverVersion: 111.0.5563.64 (c710e93d5b63..., userDataDir: C:\Users\ININDC~1\AppData\L...}, goog:chromeOptions: {debuggerAddress: localhost:62203}, javascriptEnabled: true, networkConnectionEnabled: false, pageLoadStrategy: normal, platform: WINDOWS, platformName: WINDOWS, proxy: Proxy(), se:cdp: ws://localhost:62203/devtoo..., se:cdpVersion: 111.0.5563.65, setWindowRect: true, strictFileInteractability: false, timeouts: {implicit: 0, pageLoad: 300000, script: 30000}, unhandledPromptBehavior: dismiss and notify, webauthn:extension:credBlob: true, webauthn:extension:largeBlob: true, webauthn:extension:minPinLength: true, webauthn:extension:prf: true, webauthn:virtualAuthenticators: true}
Session ID: 12fa4daff01e0fedfbcb2579d51c0ada
at org.testng.Assert.fail(Assert.java:99)
at stepdefinitions.FixedAsset.verify_asset_reference_number_and_code_should_reflect_in_asset_code_common_report(FixedAsset.java:3251)
at âœ½.verify asset reference number and code should reflect in asset code common report(file:///C:/Users/ININDC00076/git/AnandhKUBSExcel/AzentioAutomationFramework_UBSExcel/src/test/java/features/FixedAsset_AssetCreationFEATURE.feature:492)
]]>
    </failure>
  </testcase> <!-- runScenario -->
  <system-out/>
  <testcase classname="Runner.TestApplication" name="runScenario" time="33.909"/>
  <system-out/>
  <testcase classname="Runner.TestApplication" name="runScenario" time="46.933"/>
  <system-out/>
  <testcase classname="Runner.TestApplication" name="runScenario" time="47.665"/>
  <system-out/>
  <testcase classname="Runner.TestApplication" name="runScenario" time="38.767"/>
  <system-out/>
  <testcase classname="Runner.TestApplication" name="runScenario" time="47.223"/>
  <system-out/>
  <testcase classname="Runner.TestApplication" name="runScenario" time="40.869"/>
  <system-out/>
  <testcase classname="Runner.TestApplication" name="runScenario" time="40.103"/>
  <system-out/>
  <testcase classname="Runner.TestApplication" name="runScenario" time="47.065"/>
  <system-out/>
  <testcase classname="Runner.TestApplication" name="runScenario" time="59.781"/>
  <system-out/>
  <testcase classname="Runner.TestApplication" name="runScenario" time="30.516"/>
  <system-out/>
  <testcase classname="Runner.TestApplication" name="runScenario" time="48.652"/>
  <system-out/>
  <testcase classname="Runner.TestApplication" name="runScenario" time="49.970"/>
  <system-out/>
  <testcase classname="Runner.TestApplication" name="runScenario" time="40.981"/>
  <system-out/>
  <testcase classname="Runner.TestApplication" name="runScenario" time="59.051"/>
  <system-out/>
  <testcase classname="Runner.TestApplication" name="runScenario" time="39.705"/>
  <system-out/>
  <testcase classname="Runner.TestApplication" name="runScenario" time="52.857"/>
  <system-out/>
  <testcase classname="Runner.TestApplication" name="runScenario" time="73.017"/>
  <system-out/>
  <testcase classname="Runner.TestApplication" name="runScenario" time="53.306"/>
  <system-out/>
  <testcase classname="Runner.TestApplication" name="runScenario" time="62.953"/>
  <system-out/>
  <testcase classname="Runner.TestApplication" name="runScenario" time="43.559"/>
  <system-out/>
  <testcase classname="Runner.TestApplication" name="runScenario" time="43.621"/>
  <system-out/>
  <testcase classname="Runner.TestApplication" name="runScenario" time="46.511"/>
  <system-out/>
  <testcase classname="Runner.TestApplication" name="runScenario" time="59.684"/>
  <system-out/>
  <testcase classname="Runner.TestApplication" name="runScenario" time="37.160"/>
  <system-out/>
  <testcase classname="Runner.TestApplication" name="runScenario" time="69.770"/>
  <system-out/>
  <testcase classname="Runner.TestApplication" name="runScenario" time="43.384"/>
  <system-out/>
  <testcase classname="Runner.TestApplication" name="runScenario" time="31.637"/>
  <system-out/>
  <testcase classname="Runner.TestApplication" name="runScenario" time="42.073"/>
  <system-out/>
  <testcase classname="Runner.TestApplication" name="runScenario" time="45.830"/>
  <system-out/>
  <testcase classname="Runner.TestApplication" name="runScenario" time="53.640"/>
  <system-out/>
  <testcase classname="Runner.TestApplication" name="runScenario" time="42.805"/>
  <system-out/>
  <testcase classname="Runner.TestApplication" name="runScenario" time="39.074"/>
  <system-out/>
  <testcase classname="Runner.TestApplication" name="runScenario" time="37.252"/>
  <system-out/>
  <testcase classname="Runner.TestApplication" name="runScenario" time="39.575"/>
  <system-out/>
  <testcase classname="Runner.TestApplication" name="runScenario" time="34.631"/>
  <system-out/>
  <testcase classname="Runner.TestApplication" name="runScenario" time="46.595"/>
  <system-out/>
  <testcase classname="Runner.TestApplication" name="runScenario" time="72.448"/>
  <system-out/>
  <testcase classname="Runner.TestApplication" name="runScenario" time="37.562"/>
  <system-out/>
  <testcase classname="Runner.TestApplication" name="runScenario" time="64.722"/>
  <system-out/>
  <testcase classname="Runner.TestApplication" name="runScenario" time="34.968"/>
  <system-out/>
  <testcase classname="Runner.TestApplication" name="runScenario" time="36.000"/>
  <system-out/>
  <testcase classname="Runner.TestApplication" name="runScenario" time="64.116"/>
  <system-out/>
  <testcase classname="Runner.TestApplication" name="runScenario" time="43.495"/>
  <system-out/>
  <testcase classname="Runner.TestApplication" name="runScenario" time="61.236"/>
  <system-out/>
  <testcase classname="Runner.TestApplication" name="runScenario" time="64.530"/>
  <system-out/>
  <testcase classname="Runner.TestApplication" name="runScenario" time="36.793"/>
  <system-out/>
  <testcase classname="Runner.TestApplication" name="runScenario" time="49.058"/>
  <system-out/>
  <testcase classname="Runner.TestApplication" name="runScenario" time="47.193"/>
  <system-out/>
  <testcase classname="Runner.TestApplication" name="runScenario" time="57.971"/>
  <system-out/>
  <testcase classname="Runner.TestApplication" name="runScenario" time="33.660"/>
  <system-out/>
  <testcase classname="Runner.TestApplication" name="runScenario" time="56.784"/>
  <system-out/>
  <testcase classname="Runner.TestApplication" name="runScenario" time="45.657"/>
  <system-out/>
</testsuite> <!-- Runner.TestApplication -->
