<?xml version="1.0" encoding="UTF-8"?>
<!-- Generated by org.testng.reporters.JUnitReportReporter -->
<testsuite hostname="DESKTOP-PSK9T3U" failures="0" tests="2" name="tests.ExcelTestRunner" time="108.274" errors="0" timestamp="2023-01-13T20:52:25 IST" skipped="0">
  <testcase classname="tests.ExcelTestRunner" name="test" time="48.170"/>
  <system-out/>
  <testcase classname="tests.ExcelTestRunner" name="test" time="60.104"/>
  <system-out/>
</testsuite> <!-- tests.ExcelTestRunner -->
