<?xml version="1.0" encoding="UTF-8"?>
<!-- Generated by org.testng.reporters.JUnitReportReporter -->
<testsuite hostname="DESKTOP-PSK9T3U" failures="0" tests="1" name="Runner.TestApplication" time="52.918" errors="0" timestamp="2023-01-12T12:38:06 IST" skipped="0">
  <testcase classname="Runner.TestApplication" name="runScenario" time="52.918"/>
  <system-out/>
</testsuite> <!-- Runner.TestApplication -->
