<?xml version="1.0" encoding="UTF-8"?>
<!-- Generated by org.testng.reporters.JUnitReportReporter -->
<testsuite hostname="INMUVADP014547" failures="0" tests="1" name="Runner.TestApplication" time="65.076" errors="0" timestamp="2022-03-17T12:35:10 IST" skipped="0">
  <testcase classname="Runner.TestApplication" name="runScenario" time="65.076"/>
  <system-out/>
</testsuite> <!-- Runner.TestApplication -->
