<?xml version="1.0" encoding="UTF-8"?>
<!-- Generated by org.testng.reporters.JUnitReportReporter -->
<testsuite hostname="INMUVADP014547" failures="0" tests="1" name="Runner.TestApplication" time="35.125" errors="0" timestamp="2022-03-09T18:20:57 IST" skipped="0">
  <testcase classname="Runner.TestApplication" name="runScenario" time="35.125"/>
  <system-out/>
</testsuite> <!-- Runner.TestApplication -->
