<?xml version="1.0" encoding="UTF-8"?>
<!-- Generated by org.testng.reporters.JUnitReportReporter -->
<testsuite hostname="INMUVADP014547" failures="0" tests="1" name="Runner.TestApplication" time="24.659" errors="0" timestamp="2022-01-19T08:27:33 GMT" skipped="0">
  <testcase classname="Runner.TestApplication" name="runScenario" time="24.659"/>
  <system-out/>
</testsuite> <!-- Runner.TestApplication -->
