<?xml version="1.0" encoding="UTF-8"?>
<!-- Generated by org.testng.reporters.JUnitReportReporter -->
<testsuite hostname="INMUVADP014547" failures="0" tests="1" name="Runner.TestApplication" time="53.074" errors="0" timestamp="2022-03-03T20:25:24 IST" skipped="0">
  <testcase classname="Runner.TestApplication" name="runScenario" time="53.074"/>
  <system-out/>
</testsuite> <!-- Runner.TestApplication -->
