<?xml version="1.0" encoding="UTF-8"?>
<!-- Generated by org.testng.reporters.JUnitReportReporter -->
<testsuite hostname="INMUVADP014584" failures="0" tests="7" name="Runner.FailedRun" time="205.990" errors="0" timestamp="2022-11-21T11:44:31 IST" skipped="0">
  <testcase classname="Runner.FailedRun" name="runScenario" time="40.704"/>
  <system-out/>
  <testcase classname="Runner.FailedRun" name="runScenario" time="19.544"/>
  <system-out/>
  <testcase classname="Runner.FailedRun" name="runScenario" time="20.458"/>
  <system-out/>
  <testcase classname="Runner.FailedRun" name="runScenario" time="27.566"/>
  <system-out/>
  <testcase classname="Runner.FailedRun" name="runScenario" time="26.096"/>
  <system-out/>
  <testcase classname="Runner.FailedRun" name="runScenario" time="48.707"/>
  <system-out/>
  <testcase classname="Runner.FailedRun" name="runScenario" time="22.915"/>
  <system-out/>
</testsuite> <!-- Runner.FailedRun -->
