<?xml version="1.0" encoding="UTF-8"?>
<!-- Generated by org.testng.reporters.JUnitReportReporter -->
<testsuite hostname="INMUVADP016647" failures="0" tests="1" name="Runner.TestApplication" time="267.946" errors="0" timestamp="2022-12-13T15:30:59 IST" skipped="0">
  <testcase classname="Runner.TestApplication" name="runScenario" time="267.946"/>
  <system-out/>
</testsuite> <!-- Runner.TestApplication -->
