<?xml version="1.0" encoding="UTF-8"?>
<!-- Generated by org.testng.reporters.JUnitReportReporter -->
<testsuite hostname="DESKTOP-PSK9T3U" failures="0" tests="1" name="Runner.TestApplication" time="84.210" errors="0" timestamp="2023-01-14T12:59:35 IST" skipped="0">
  <testcase classname="Runner.TestApplication" name="runScenario" time="84.210"/>
  <system-out/>
</testsuite> <!-- Runner.TestApplication -->
