<?xml version="1.0" encoding="UTF-8"?>
<!-- Generated by org.testng.reporters.JUnitReportReporter -->
<testsuite hostname="INMUVADP016585" failures="0" tests="1" name="Runner.TestApplication" time="82.222" errors="0" timestamp="2022-05-06T17:52:11 IST" skipped="0">
  <testcase classname="Runner.TestApplication" name="runScenario" time="82.222"/>
  <system-out/>
</testsuite> <!-- Runner.TestApplication -->
