<?xml version="1.0" encoding="UTF-8"?>
<!-- Generated by org.testng.reporters.JUnitReportReporter -->
<testsuite hostname="INMUVADP016585" failures="0" tests="1" name="Runner.TestApplication" time="56.795" errors="0" timestamp="2022-03-09T19:22:35 IST" skipped="0">
  <testcase classname="Runner.TestApplication" name="runScenario" time="56.795"/>
  <system-out/>
</testsuite> <!-- Runner.TestApplication -->
