<?xml version="1.0" encoding="UTF-8"?>
<!-- Generated by org.testng.reporters.JUnitReportReporter -->
<testsuite hostname="INMUVADP016585" failures="0" tests="1" name="Runner.TestApplication" time="25.651" errors="0" timestamp="2022-03-03T19:48:48 IST" skipped="0">
  <testcase classname="Runner.TestApplication" name="runScenario" time="25.651"/>
  <system-out/>
</testsuite> <!-- Runner.TestApplication -->
