<?xml version="1.0" encoding="UTF-8"?>
<!-- Generated by org.testng.reporters.JUnitReportReporter -->
<testsuite hostname="PSK9T3U-DESKTOP" failures="0" tests="1" name="Runner.NewExcelTestRunner" time="24.853" errors="0" timestamp="2023-03-21T15:48:53 IST" skipped="0">
  <testcase classname="Runner.NewExcelTestRunner" name="test" time="24.853"/>
  <system-out/>
</testsuite> <!-- Runner.NewExcelTestRunner -->
