<?xml version="1.0" encoding="UTF-8"?>
<!-- Generated by org.testng.reporters.JUnitReportReporter -->
<testsuite hostname="PSK9T3U-DESKTOP" failures="0" tests="1" name="Runner.NewExcelTestRunner" time="142.641" errors="0" timestamp="2023-03-08T15:32:47 IST" skipped="0">
  <testcase classname="Runner.NewExcelTestRunner" name="test" time="142.641"/>
  <system-out/>
</testsuite> <!-- Runner.NewExcelTestRunner -->
