<?xml version="1.0" encoding="UTF-8"?>
<!-- Generated by org.testng.reporters.JUnitReportReporter -->
<testsuite hostname="PSK9T3U-DESKTOP" failures="0" tests="1" name="Runner.TestApplication" time="90.612" errors="0" timestamp="2023-03-08T15:42:40 IST" skipped="0">
  <testcase classname="Runner.TestApplication" name="runScenario" time="90.612"/>
  <system-out/>
</testsuite> <!-- Runner.TestApplication -->
