<?xml version="1.0" encoding="UTF-8"?>
<!-- Generated by org.testng.reporters.JUnitReportReporter -->
<testsuite hostname="PSK9T3U-DESKTOP" failures="0" tests="1" name="Runner.NewExcelTestRunner" time="159.586" errors="0" timestamp="2023-02-20T17:06:42 IST" skipped="0">
  <testcase classname="Runner.NewExcelTestRunner" name="test" time="159.586"/>
  <system-out/>
</testsuite> <!-- Runner.NewExcelTestRunner -->
