<?xml version="1.0" encoding="UTF-8"?>
<!-- Generated by org.testng.reporters.JUnitReportReporter -->
<testsuite hostname="DESKTOP-PSK9T3U" failures="0" tests="1" name="Runner.NewExcelTestRunner" time="1531.971" errors="0" timestamp="2023-01-18T18:25:13 IST" skipped="0">
  <testcase classname="Runner.NewExcelTestRunner" name="test" time="1531.971"/>
  <system-out/>
</testsuite> <!-- Runner.NewExcelTestRunner -->
