<?xml version="1.0" encoding="UTF-8"?>
<!-- Generated by org.testng.reporters.JUnitReportReporter -->
<testsuite hostname="INMUVADP016372" failures="0" tests="1" name="Runner.TestApplication" time="25.385" errors="0" timestamp="2022-05-07T17:48:55 IST" skipped="0">
  <testcase classname="Runner.TestApplication" name="runScenario" time="25.385"/>
  <system-out/>
</testsuite> <!-- Runner.TestApplication -->
