<?xml version="1.0" encoding="UTF-8"?>
<!-- Generated by org.testng.reporters.JUnitReportReporter -->
<testsuite hostname="Z51" failures="0" tests="1" name="Runner.Runner" time="17.367" errors="0" timestamp="2021-10-12T17:10:06 IST" skipped="0">
  <testcase classname="Runner.Runner" name="runScenario" time="17.367"/>
  <system-out/>
</testsuite> <!-- Runner.Runner -->
