<?xml version="1.0" encoding="UTF-8"?>
<!-- Generated by org.testng.reporters.JUnitReportReporter -->
<testsuite hostname="INMUVADP014667" failures="0" tests="1" name="Runner.TestApplication" time="159.090" errors="0" timestamp="2022-04-11T16:09:31 IST" skipped="0">
  <testcase classname="Runner.TestApplication" name="runScenario" time="159.090"/>
  <system-out/>
</testsuite> <!-- Runner.TestApplication -->
