<?xml version="1.0" encoding="UTF-8"?>
<!-- Generated by org.testng.reporters.JUnitReportReporter -->
<testsuite hostname="Z51" failures="0" tests="1" name="tests.FourTest" time="24.627" errors="0" timestamp="2021-10-11T11:58:26 IST" skipped="0">
  <testcase classname="tests.FourTest" name="Fourtest" time="24.627"/>
  <system-out/>
</testsuite> <!-- tests.FourTest -->
