<?xml version="1.0" encoding="UTF-8"?>
<!-- Generated by org.testng.reporters.JUnitReportReporter -->
<testsuite hostname="INMUVADP016372" failures="0" tests="1" name="Runner.TestApplication" time="69.837" errors="0" timestamp="2022-04-13T00:15:57 PDT" skipped="0">
  <testcase classname="Runner.TestApplication" name="runScenario" time="69.837"/>
  <system-out/>
</testsuite> <!-- Runner.TestApplication -->
