<?xml version="1.0" encoding="UTF-8"?>
<!-- Generated by org.testng.reporters.JUnitReportReporter -->
<testsuite hostname="INMUVADP014667" failures="0" tests="1" name="Runner.TestApplication" time="92.801" errors="0" timestamp="2022-03-28T13:45:01 IST" skipped="0">
  <testcase classname="Runner.TestApplication" name="runScenario" time="92.801"/>
  <system-out/>
</testsuite> <!-- Runner.TestApplication -->
