<?xml version="1.0" encoding="UTF-8"?>
<!-- Generated by org.testng.reporters.JUnitReportReporter -->
<testsuite hostname="INMUVADP016372" failures="0" tests="1" name="Runner.TestApplication" time="23.146" errors="0" timestamp="2022-04-08T11:47:49 PDT" skipped="0">
  <testcase classname="Runner.TestApplication" name="runScenario" time="23.146"/>
  <system-out/>
</testsuite> <!-- Runner.TestApplication -->
