<?xml version="1.0" encoding="UTF-8"?>
<!-- Generated by org.testng.reporters.JUnitReportReporter -->
<testsuite hostname="PG00X8KU" failures="0" tests="1" name="Runner.TestApplication" time="163.277" errors="0" timestamp="2022-05-07T13:01:08 IST" skipped="0">
  <testcase classname="Runner.TestApplication" name="runScenario" time="163.277"/>
  <system-out/>
</testsuite> <!-- Runner.TestApplication -->
