<?xml version="1.0" encoding="UTF-8"?>
<!-- Generated by org.testng.reporters.JUnitReportReporter -->
<testsuite hostname="INMUVADP014547" failures="0" tests="1" name="Runner.TestApplication" time="24.410" errors="0" timestamp="2022-03-24T14:13:52 IST" skipped="0">
  <testcase classname="Runner.TestApplication" name="runScenario" time="24.410"/>
  <system-out/>
</testsuite> <!-- Runner.TestApplication -->
