<?xml version="1.0" encoding="UTF-8"?>
<!-- Generated by org.testng.reporters.JUnitReportReporter -->
<testsuite hostname="INMUVADP014547" failures="0" tests="1" name="Runner.TestApplication" time="104.832" errors="0" timestamp="2022-05-16T15:46:44 IST" skipped="0">
  <testcase classname="Runner.TestApplication" name="runScenario" time="104.832"/>
  <system-out/>
</testsuite> <!-- Runner.TestApplication -->
