<?xml version="1.0" encoding="UTF-8"?>
<!-- Generated by org.testng.reporters.JUnitReportReporter -->
<testsuite hostname="INMUVADP016372" failures="0" tests="1" name="Runner.TestApplication" time="71.533" errors="0" timestamp="2022-04-15T05:27:22 PDT" skipped="0">
  <testcase classname="Runner.TestApplication" name="runScenario" time="71.533"/>
  <system-out/>
</testsuite> <!-- Runner.TestApplication -->
