<?xml version="1.0" encoding="UTF-8"?>
<!-- Generated by org.testng.reporters.JUnitReportReporter -->
<testsuite hostname="Z51" failures="0" tests="2" name="Runner.TestApplication" time="36.406" errors="0" timestamp="2021-10-29T14:46:43 IST" skipped="0">
  <testcase classname="Runner.TestApplication" name="runScenario" time="25.526"/>
  <system-out/>
  <testcase classname="Runner.TestApplication" name="runScenario" time="10.880"/>
  <system-out/>
</testsuite> <!-- Runner.TestApplication -->
