<?xml version="1.0" encoding="UTF-8"?>
<!-- Generated by org.testng.reporters.JUnitReportReporter -->
<testsuite hostname="INMUVADP014667" failures="0" tests="1" name="Runner.TestApplication" time="127.355" errors="0" timestamp="2022-04-09T16:43:47 IST" skipped="0">
  <testcase classname="Runner.TestApplication" name="runScenario" time="127.355"/>
  <system-out/>
</testsuite> <!-- Runner.TestApplication -->
