<?xml version="1.0" encoding="UTF-8"?>
<!-- Generated by org.testng.reporters.JUnitReportReporter -->
<testsuite hostname="PG00X8KU" failures="0" tests="1" name="Runner.TestApplication" time="115.039" errors="0" timestamp="2022-04-19T22:04:21 PDT" skipped="0">
  <testcase classname="Runner.TestApplication" name="runScenario" time="115.039"/>
  <system-out/>
</testsuite> <!-- Runner.TestApplication -->
