<?xml version="1.0" encoding="UTF-8"?>
<!-- Generated by org.testng.reporters.JUnitReportReporter -->
<testsuite hostname="INMUVADP016372" failures="0" tests="1" name="Runner.TestApplication" time="54.738" errors="0" timestamp="2022-02-02T01:06:00 PST" skipped="0">
  <testcase classname="Runner.TestApplication" name="runScenario" time="54.738"/>
  <system-out/>
</testsuite> <!-- Runner.TestApplication -->
