<?xml version="1.0" encoding="UTF-8"?>
<!-- Generated by org.testng.reporters.JUnitReportReporter -->
<testsuite hostname="Z51" failures="0" tests="2" name="Runner.TestApplication" time="49.889" errors="0" timestamp="2021-11-03T11:21:25 IST" skipped="0">
  <testcase classname="Runner.TestApplication" name="runScenario" time="37.588"/>
  <system-out/>
  <testcase classname="Runner.TestApplication" name="runScenario" time="12.301"/>
  <system-out/>
</testsuite> <!-- Runner.TestApplication -->
