<?xml version="1.0" encoding="UTF-8"?>
<!-- Generated by org.testng.reporters.JUnitReportReporter -->
<testsuite hostname="INMUVADP016585" failures="0" tests="1" name="Runner.TestApplication" time="58.981" errors="0" timestamp="2022-04-19T13:44:07 IST" skipped="0">
  <testcase classname="Runner.TestApplication" name="runScenario" time="58.981"/>
  <system-out/>
</testsuite> <!-- Runner.TestApplication -->
