<?xml version="1.0" encoding="UTF-8"?>
<!-- Generated by org.testng.reporters.JUnitReportReporter -->
<testsuite hostname="INMUVADP016372" failures="0" tests="1" name="Runner.TestApplication" time="246.377" errors="0" timestamp="2022-04-01T04:35:52 PDT" skipped="0">
  <testcase classname="Runner.TestApplication" name="runScenario" time="246.377"/>
  <system-out/>
</testsuite> <!-- Runner.TestApplication -->
