<?xml version="1.0" encoding="UTF-8"?>
<!-- Generated by org.testng.reporters.JUnitReportReporter -->
<testsuite hostname="PG00X8KU" failures="0" tests="1" name="Runner.TestApplication" time="65.368" errors="0" timestamp="2022-05-23T11:04:48 IST" skipped="0">
  <testcase classname="Runner.TestApplication" name="runScenario" time="65.368"/>
  <system-out/>
</testsuite> <!-- Runner.TestApplication -->
