<?xml version="1.0" encoding="UTF-8"?>
<!-- Generated by org.testng.reporters.JUnitReportReporter -->
<testsuite hostname="PG00X8KU" failures="0" tests="1" name="Runner.TestApplication" time="195.244" errors="0" timestamp="2022-04-17T04:10:28 PDT" skipped="0">
  <testcase classname="Runner.TestApplication" name="runScenario" time="195.244"/>
  <system-out/>
</testsuite> <!-- Runner.TestApplication -->
