<?xml version="1.0" encoding="UTF-8"?>
<!-- Generated by org.testng.reporters.JUnitReportReporter -->
<testsuite hostname="Z51" failures="0" tests="2" name="Runner.TestApplication" time="44.458" errors="0" timestamp="2021-11-02T15:58:21 IST" skipped="0">
  <testcase classname="Runner.TestApplication" name="runScenario" time="6.107"/>
  <system-out/>
  <testcase classname="Runner.TestApplication" name="runScenario" time="38.351"/>
  <system-out/>
</testsuite> <!-- Runner.TestApplication -->
