<?xml version="1.0" encoding="UTF-8"?>
<!-- Generated by org.testng.reporters.JUnitReportReporter -->
<testsuite hostname="INMUVADP014584" failures="0" tests="16" name="Runner.TestApplication" time="452.320" errors="0" timestamp="2022-11-02T15:46:27 IST" skipped="0">
  <testcase classname="Runner.TestApplication" name="runScenario" time="22.682"/>
  <system-out/>
  <testcase classname="Runner.TestApplication" name="runScenario" time="22.192"/>
  <system-out/>
  <testcase classname="Runner.TestApplication" name="runScenario" time="27.631"/>
  <system-out/>
  <testcase classname="Runner.TestApplication" name="runScenario" time="39.784"/>
  <system-out/>
  <testcase classname="Runner.TestApplication" name="runScenario" time="24.206"/>
  <system-out/>
  <testcase classname="Runner.TestApplication" name="runScenario" time="26.839"/>
  <system-out/>
  <testcase classname="Runner.TestApplication" name="runScenario" time="24.579"/>
  <system-out/>
  <testcase classname="Runner.TestApplication" name="runScenario" time="22.077"/>
  <system-out/>
  <testcase classname="Runner.TestApplication" name="runScenario" time="50.893"/>
  <system-out/>
  <testcase classname="Runner.TestApplication" name="runScenario" time="24.265"/>
  <system-out/>
  <testcase classname="Runner.TestApplication" name="runScenario" time="20.644"/>
  <system-out/>
  <testcase classname="Runner.TestApplication" name="runScenario" time="21.293"/>
  <system-out/>
  <testcase classname="Runner.TestApplication" name="runScenario" time="23.483"/>
  <system-out/>
  <testcase classname="Runner.TestApplication" name="runScenario" time="32.793"/>
  <system-out/>
  <testcase classname="Runner.TestApplication" name="runScenario" time="23.172"/>
  <system-out/>
  <testcase classname="Runner.TestApplication" name="runScenario" time="45.787"/>
  <system-out/>
</testsuite> <!-- Runner.TestApplication -->
