<?xml version="1.0" encoding="UTF-8"?>
<!-- Generated by org.testng.reporters.JUnitReportReporter -->
<testsuite hostname="DESKTOP-PSK9T3U" failures="0" tests="1" name="Runner.TestApplication" time="72.686" errors="0" timestamp="2023-04-15T16:52:16 AST" skipped="0">
  <testcase classname="Runner.TestApplication" name="runScenario" time="72.686"/>
  <system-out/>
</testsuite> <!-- Runner.TestApplication -->
