<?xml version="1.0" encoding="UTF-8"?>
<!-- Generated by org.testng.reporters.JUnitReportReporter -->
<testsuite hostname="DESKTOP-PSK9T3U" failures="0" tests="1" name="Runner.TestApplication" time="58.765" errors="0" timestamp="2023-04-03T10:45:58 AST" skipped="0">
  <testcase classname="Runner.TestApplication" name="runScenario" time="58.765"/>
  <system-out/>
</testsuite> <!-- Runner.TestApplication -->
