<?xml version="1.0" encoding="UTF-8"?>
<!-- Generated by org.testng.reporters.JUnitReportReporter -->
<testsuite hostname="DESKTOP-PSK9T3U" failures="0" tests="1" name="Runner.TestApplication" time="76.962" errors="0" timestamp="2023-04-13T16:48:21 AST" skipped="0">
  <testcase classname="Runner.TestApplication" name="runScenario" time="76.962"/>
  <system-out/>
</testsuite> <!-- Runner.TestApplication -->
