<?xml version="1.0" encoding="UTF-8"?>
<!-- Generated by org.testng.reporters.JUnitReportReporter -->
<testsuite hostname="INMUVADP016585" failures="0" tests="1" name="Runner.TestApplication" time="133.141" errors="0" timestamp="2022-12-09T11:41:36 IST" skipped="0">
  <testcase classname="Runner.TestApplication" name="runScenario" time="133.141"/>
  <system-out/>
</testsuite> <!-- Runner.TestApplication -->
