<?xml version="1.0" encoding="UTF-8"?>
<!-- Generated by org.testng.reporters.JUnitReportReporter -->
<testsuite hostname="INMUVADP014584" failures="0" tests="1" name="Runner.TestApplication" time="69.635" errors="0" timestamp="2022-03-31T12:43:54 IST" skipped="0">
  <testcase classname="Runner.TestApplication" name="runScenario" time="69.635"/>
  <system-out/>
</testsuite> <!-- Runner.TestApplication -->
