<?xml version="1.0" encoding="UTF-8"?>
<!-- Generated by org.testng.reporters.JUnitReportReporter -->
<testsuite hostname="INMUVADP014584" failures="0" tests="1" name="Runner.TestApplication" time="51.865" errors="0" timestamp="2022-03-03T18:38:51 IST" skipped="0">
  <testcase classname="Runner.TestApplication" name="runScenario" time="51.865"/>
  <system-out/>
</testsuite> <!-- Runner.TestApplication -->
