<?xml version="1.0" encoding="UTF-8"?>
<!-- Generated by org.testng.reporters.JUnitReportReporter -->
<testsuite hostname="INMUVADP014584" failures="0" tests="1" name="Runner.TestApplication" time="317.525" errors="1" timestamp="2022-03-29T09:46:56 IST" skipped="0">
  <testcase classname="Runner.TestApplication" name="runScenario" time="317.525">
    <error message="C:\Users\inindc00076\git\AzentioAutomationFramework1\Anandh_AzentioAutomationFramework1JAIPURBRANCH_HDFCBANK_2022-10-31_13-31-00(8).csv (The system cannot find the file specified)" type="java.io.FileNotFoundException">
      <![CDATA[java.io.FileNotFoundException: C:\Users\inindc00076\git\AzentioAutomationFramework1\Anandh_AzentioAutomationFramework1JAIPURBRANCH_HDFCBANK_2022-10-31_13-31-00(8).csv (The system cannot find the file specified)
at java.base/java.io.FileInputStream.open0(Native Method)
at java.base/java.io.FileInputStream.open(FileInputStream.java:216)
at java.base/java.io.FileInputStream.<init>(FileInputStream.java:157)
at java.base/java.io.FileInputStream.<init>(FileInputStream.java:111)
at java.base/java.io.FileReader.<init>(FileReader.java:60)
at stepdefinitions.ACCOUNTSPAYBLE_PaymentFileDownload.verify_where_payment_mode_is_wire_transfer(ACCOUNTSPAYBLE_PaymentFileDownload.java:231)
at âœ½.verify Where payment mode is Wire Transfer(file:///C:/Users/inindc00076/git/AzentioAutomationFramework1/Anandh_AzentioAutomationFramework1/src/test/java/features/ACCOUNTSPAYABLE_ACCOUNTSRECEIVABLE.feature:974)
]]>
    </error>
  </testcase> <!-- runScenario -->
  <system-out/>
</testsuite> <!-- Runner.TestApplication -->
