<?xml version="1.0" encoding="UTF-8"?>
<!-- Generated by org.testng.reporters.JUnitReportReporter -->
<testsuite hostname="INMUVADP016372" failures="0" tests="1" name="Runner.TestApplication" time="35.005" errors="0" timestamp="2022-03-03T19:43:16 PST" skipped="0">
  <testcase classname="Runner.TestApplication" name="runScenario" time="35.005"/>
  <system-out/>
</testsuite> <!-- Runner.TestApplication -->
