<?xml version="1.0" encoding="UTF-8"?>
<!-- Generated by org.testng.reporters.JUnitReportReporter -->
<testsuite hostname="INMUVADP016372" failures="0" tests="1" name="Runner.TestApplication" time="65.329" errors="0" timestamp="2022-02-21T23:23:57 PST" skipped="0">
  <testcase classname="Runner.TestApplication" name="runScenario" time="65.329"/>
  <system-out/>
</testsuite> <!-- Runner.TestApplication -->
