<?xml version="1.0" encoding="UTF-8"?>
<!-- Generated by org.testng.reporters.JUnitReportReporter -->
<testsuite hostname="PG00X8KU" failures="0" tests="1" name="Runner.TestApplication" time="58.752" errors="0" timestamp="2022-03-09T02:39:00 PST" skipped="0">
  <testcase classname="Runner.TestApplication" name="runScenario" time="58.752"/>
  <system-out/>
</testsuite> <!-- Runner.TestApplication -->
