<?xml version="1.0" encoding="UTF-8"?>
<!-- Generated by org.testng.reporters.JUnitReportReporter -->
<testsuite hostname="PG00X8KU" failures="0" tests="1" name="Runner.TestApplication" time="39.426" errors="0" timestamp="2022-03-02T22:47:59 PST" skipped="0">
  <testcase classname="Runner.TestApplication" name="runScenario" time="39.426"/>
  <system-out/>
</testsuite> <!-- Runner.TestApplication -->
