<?xml version="1.0" encoding="UTF-8"?>
<!-- Generated by org.testng.reporters.JUnitReportReporter -->
<testsuite hostname="INMUVADP014584" failures="0" tests="1" name="Runner.TestApplication" time="51.547" errors="0" timestamp="2022-01-13T14:53:21 IST" skipped="0">
  <testcase classname="Runner.TestApplication" name="runScenario" time="51.547"/>
  <system-out/>
</testsuite> <!-- Runner.TestApplication -->
