<?xml version="1.0" encoding="UTF-8"?>
<!-- Generated by org.testng.reporters.JUnitReportReporter -->
<testsuite hostname="DESKTOP-PSK9T3U" failures="0" tests="1" name="Runner.TestApplication" time="79.362" errors="0" timestamp="2023-01-13T17:59:09 IST" skipped="0">
  <testcase classname="Runner.TestApplication" name="runScenario" time="79.362"/>
  <system-out/>
</testsuite> <!-- Runner.TestApplication -->
