<?xml version="1.0" encoding="UTF-8"?>
<!-- Generated by org.testng.reporters.JUnitReportReporter -->
<testsuite hostname="INMUVADP014547" failures="0" tests="1" name="Runner.TestApplication" time="139.231" errors="0" timestamp="2022-12-07T12:24:03 IST" skipped="0">
  <testcase classname="Runner.TestApplication" name="runScenario" time="139.231"/>
  <system-out/>
</testsuite> <!-- Runner.TestApplication -->
