<?xml version="1.0" encoding="UTF-8"?>
<!-- Generated by org.testng.reporters.JUnitReportReporter -->
<testsuite hostname="INMUVADP014667" failures="0" tests="1" name="Runner.TestApplication" time="100.480" errors="0" timestamp="2022-03-15T17:00:49 IST" skipped="0">
  <testcase classname="Runner.TestApplication" name="runScenario" time="100.480"/>
  <system-out/>
</testsuite> <!-- Runner.TestApplication -->
