<?xml version="1.0" encoding="UTF-8"?>
<!-- Generated by org.testng.reporters.JUnitReportReporter -->
<testsuite hostname="INMUVADP014667" failures="0" tests="1" name="Runner.TestApplication" time="34.834" errors="0" timestamp="2022-02-22T00:30:28 IST" skipped="0">
  <testcase classname="Runner.TestApplication" name="runScenario" time="34.834"/>
  <system-out/>
</testsuite> <!-- Runner.TestApplication -->
