<?xml version="1.0" encoding="UTF-8"?>
<!-- Generated by org.testng.reporters.JUnitReportReporter -->
<testsuite hostname="INMUVADP014667" failures="0" tests="1" name="Runner.TestApplication" time="33.841" errors="1" timestamp="2022-03-14T11:48:30 IST" skipped="0">
  <testcase classname="Runner.TestApplication" name="runScenario" time="33.841">
    <error message="Cannot invoke &quot;helper.BrowserHelper.SwitchToWindow(int)&quot; because &quot;this.browserHelper&quot; is null" type="java.lang.NullPointerException">
      <![CDATA[java.lang.NullPointerException: Cannot invoke "helper.BrowserHelper.SwitchToWindow(int)" because "this.browserHelper" is null
at stepdefinitions.InventoryManagament.verify_the_approved_record_is_available_in_the_report(InventoryManagament.java:1556)
at âœ½.verify the approved record is available in the report(file:///C:/Users/inindc00082/git/repository2/Tushar_AzentioFramework/src/test/java/features/InventoryManagement.feature:399)
]]>
    </error>
  </testcase> <!-- runScenario -->
  <system-out/>
</testsuite> <!-- Runner.TestApplication -->
