<?xml version="1.0" encoding="UTF-8"?>
<!-- Generated by org.testng.reporters.JUnitReportReporter -->
<testsuite hostname="INMUVADP016585" failures="0" tests="1" name="Runner.TestApplication" time="59.733" errors="0" timestamp="2022-04-07T17:42:23 IST" skipped="0">
  <testcase classname="Runner.TestApplication" name="runScenario" time="59.733"/>
  <system-out/>
</testsuite> <!-- Runner.TestApplication -->
