<?xml version="1.0" encoding="UTF-8"?>
<!-- Generated by org.testng.reporters.JUnitReportReporter -->
<testsuite hostname="INMUVADP014584" failures="1" tests="1" name="Runner.TestApplication" time="27.706" errors="0" timestamp="2022-04-01T13:25:05 IST" skipped="0">
  <testcase classname="Runner.TestApplication" name="runScenario" time="27.706">
    <failure message="Yearly Asset is not expired" type="java.lang.AssertionError">
      <![CDATA[java.lang.AssertionError: Yearly Asset is not expired
at org.junit.Assert.fail(Assert.java:88)
at stepdefinitions.FIXEDASSET_AssetImpairement.check_if_the_asset_life_is_exhausted(FIXEDASSET_AssetImpairement.java:182)
at âœ½.check if the asset life is exhausted(file:///C:/Users/inindc00076/git/AzentioAutomationFrameworkMasterNew/AzentioAutomationFramework/src/test/java/features/FIXEDASSET_AssetImpairement.feature:417)
]]>
    </failure>
  </testcase> <!-- runScenario -->
  <system-out/>
</testsuite> <!-- Runner.TestApplication -->
